#
# There is insufficient memory for the Java Runtime Environment to continue.
# Native memory allocation (malloc) failed to allocate 1977856 bytes for Chunk::new
# Possible reasons:
#   The system is out of physical RAM or swap space
#   The process is running with CompressedOops enabled, and the Java Heap may be blocking the growth of the native heap
# Possible solutions:
#   Reduce memory load on the system
#   Increase physical memory or swap space
#   Check if swap backing store is full
#   Decrease Java heap size (-Xmx/-Xms)
#   Decrease number of Java threads
#   Decrease Java thread stack sizes (-Xss)
#   Set larger code cache with -XX:ReservedCodeCacheSize=
#   JVM is running with Unscaled Compressed Oops mode in which the Java heap is
#     placed in the first 4GB address space. The Java Heap base address is the
#     maximum limit for the native heap growth. Please use -XX:HeapBaseMinAddress
#     to set the Java Heap base and to place the Java Heap above 4GB virtual address.
# This output file may be truncated or incomplete.
#
#  Out of Memory Error (./src/hotspot/share/memory/arena.cpp:197), pid=4392, tid=13452
#
# JRE version: OpenJDK Runtime Environment (11.0.11+9) (build 11.0.11+9-b60-7590822)
# Java VM: OpenJDK 64-Bit Server VM (11.0.11+9-b60-7590822, mixed mode, tiered, compressed oops, g1 gc, windows-amd64)
# No core dump will be written. Minidumps are not enabled by default on client versions of Windows
#

---------------  S U M M A R Y ------------

Command Line: --add-opens=java.base/java.util=ALL-UNNAMED --add-opens=java.base/java.lang=ALL-UNNAMED --add-opens=java.base/java.lang.invoke=ALL-UNNAMED --add-opens=java.base/java.util=ALL-UNNAMED --add-opens=java.prefs/java.util.prefs=ALL-UNNAMED --add-opens=java.prefs/java.util.prefs=ALL-UNNAMED --add-opens=java.base/java.nio.charset=ALL-UNNAMED --add-opens=java.base/java.net=ALL-UNNAMED --add-opens=java.base/java.util.concurrent.atomic=ALL-UNNAMED -Xmx2048m -Dfile.encoding=UTF-8 -Duser.country=US -Duser.language=en -Duser.variant org.gradle.launcher.daemon.bootstrap.GradleDaemon 7.2

Host: Intel(R) Core(TM)2 Duo CPU     T6670  @ 2.20GHz, 2 cores, 7G,  Windows 10 , 64 bit Build 19041 (10.0.19041.2546)
Time: Mon Feb 20 16:10:13 2023 W. Central Africa Standard Time elapsed time: 3071.674127 seconds (0d 0h 51m 11s)

---------------  T H R E A D  ---------------

Current thread (0x00000173410bb800):  JavaThread "C2 CompilerThread0" daemon [_thread_in_native, id=13452, stack(0x000000510d600000,0x000000510d700000)]


Current CompileTask:
C2:3071674 31160       4       com.android.tools.r8.ir.regalloc.b::c (3939 bytes)

Stack: [0x000000510d600000,0x000000510d700000]
Native frames: (J=compiled Java code, j=interpreted, Vv=VM code, C=native code)
V  [jvm.dll+0x5f214a]
V  [jvm.dll+0x726fb5]
V  [jvm.dll+0x7285cd]
V  [jvm.dll+0x728c83]
V  [jvm.dll+0x243278]
V  [jvm.dll+0xbc53c]
V  [jvm.dll+0xbca3c]
V  [jvm.dll+0x2b5c34]
V  [jvm.dll+0x508488]
V  [jvm.dll+0x203d53]
V  [jvm.dll+0x1fdbac]
V  [jvm.dll+0x1fb35f]
V  [jvm.dll+0x183d6c]
V  [jvm.dll+0x209a57]
V  [jvm.dll+0x2082a1]
V  [jvm.dll+0x6ef58f]
V  [jvm.dll+0x6e80b5]
V  [jvm.dll+0x5f1036]
C  [ucrtbase.dll+0x21bb2]
C  [KERNEL32.DLL+0x17614]
C  [ntdll.dll+0x526a1]


---------------  P R O C E S S  ---------------

Threads class SMR info:
_java_thread_list=0x00000173504dc0f0, length=66, elements={
0x000001732797d000, 0x0000017341094800, 0x00000173410a0800, 0x00000173410b1800,
0x00000173410b3000, 0x00000173410b4000, 0x00000173410bb800, 0x00000173410bd800,
0x00000173410c3800, 0x0000017341b69800, 0x00000173426dd800, 0x00000173425f8000,
0x0000017342021800, 0x0000017343392000, 0x0000017343393000, 0x0000017343391000,
0x0000017343390800, 0x000001734338e800, 0x000001734338f800, 0x000001734338e000,
0x00000173450ca800, 0x00000173450c8000, 0x0000017346132000, 0x00000173445cc000,
0x00000173445c8000, 0x00000173445c9800, 0x00000173445cb000, 0x000001734c6e7800,
0x0000017346136000, 0x0000017346135000, 0x0000017346134800, 0x0000017346138800,
0x0000017346132800, 0x0000017346133800, 0x000001734613f000, 0x000001734613a000,
0x000001734613d800, 0x000001734613b000, 0x0000017346140000, 0x000001734613b800,
0x000001734613e000, 0x000001734613c800, 0x000001734c6e9000, 0x000001734c6e3800,
0x000001734c6e8000, 0x000001734c6e6800, 0x000001734c6ea000, 0x000001734c6e4000,
0x000001734c6ea800, 0x000001734c6e5000, 0x000001734c6e5800, 0x000001734c6ee800,
0x000001734c6ee000, 0x000001734c6f1000, 0x000001734c6ef800, 0x000001734c6f0800,
0x000001734c6eb800, 0x000001734c6ec800, 0x000001734c6f2000, 0x000001734c6ed000,
0x0000017345fd3000, 0x0000017345fd1000, 0x0000017345fd4000, 0x0000017345fd2800,
0x0000017345fcf000, 0x0000017345fda800
}

Java Threads: ( => current thread )
  0x000001732797d000 JavaThread "main" [_thread_blocked, id=9884, stack(0x000000510ca00000,0x000000510cb00000)]
  0x0000017341094800 JavaThread "Reference Handler" daemon [_thread_blocked, id=8436, stack(0x000000510d100000,0x000000510d200000)]
  0x00000173410a0800 JavaThread "Finalizer" daemon [_thread_blocked, id=13404, stack(0x000000510d200000,0x000000510d300000)]
  0x00000173410b1800 JavaThread "Signal Dispatcher" daemon [_thread_blocked, id=4320, stack(0x000000510d300000,0x000000510d400000)]
  0x00000173410b3000 JavaThread "Attach Listener" daemon [_thread_blocked, id=7660, stack(0x000000510d400000,0x000000510d500000)]
  0x00000173410b4000 JavaThread "Service Thread" daemon [_thread_blocked, id=12016, stack(0x000000510d500000,0x000000510d600000)]
=>0x00000173410bb800 JavaThread "C2 CompilerThread0" daemon [_thread_in_native, id=13452, stack(0x000000510d600000,0x000000510d700000)]
  0x00000173410bd800 JavaThread "C1 CompilerThread0" daemon [_thread_blocked, id=12320, stack(0x000000510d700000,0x000000510d800000)]
  0x00000173410c3800 JavaThread "Sweeper thread" daemon [_thread_blocked, id=14256, stack(0x000000510d800000,0x000000510d900000)]
  0x0000017341b69800 JavaThread "Common-Cleaner" daemon [_thread_blocked, id=13612, stack(0x000000510d900000,0x000000510da00000)]
  0x00000173426dd800 JavaThread "Daemon health stats" [_thread_blocked, id=11116, stack(0x000000510dc00000,0x000000510dd00000)]
  0x00000173425f8000 JavaThread "Incoming local TCP Connector on port 61938" [_thread_in_native, id=3860, stack(0x000000510dd00000,0x000000510de00000)]
  0x0000017342021800 JavaThread "Daemon periodic checks" [_thread_blocked, id=13228, stack(0x000000510de00000,0x000000510df00000)]
  0x0000017343392000 JavaThread "Cache worker for journal cache (C:\Users\IronMan\.gradle\caches\journal-1)" [_thread_blocked, id=12784, stack(0x000000510e600000,0x000000510e700000)]
  0x0000017343393000 JavaThread "File lock request listener" [_thread_in_native, id=1952, stack(0x000000510e700000,0x000000510e800000)]
  0x0000017343391000 JavaThread "Cache worker for file hash cache (C:\Users\IronMan\.gradle\caches\7.2\fileHashes)" [_thread_blocked, id=13552, stack(0x000000510e800000,0x000000510e900000)]
  0x0000017343390800 JavaThread "File watcher server" daemon [_thread_in_native, id=11484, stack(0x000000510e900000,0x000000510ea00000)]
  0x000001734338e800 JavaThread "File watcher consumer" daemon [_thread_blocked, id=7284, stack(0x000000510ea00000,0x000000510eb00000)]
  0x000001734338f800 JavaThread "jar transforms" [_thread_blocked, id=8008, stack(0x000000510eb00000,0x000000510ec00000)]
  0x000001734338e000 JavaThread "jar transforms Thread 2" [_thread_blocked, id=13952, stack(0x000000510ec00000,0x000000510ed00000)]
  0x00000173450ca800 JavaThread "Cache worker for execution history cache (C:\Users\IronMan\.gradle\caches\7.2\executionHistory)" [_thread_blocked, id=4692, stack(0x000000510f000000,0x000000510f100000)]
  0x00000173450c8000 JavaThread "Cache worker for file content cache (C:\Users\IronMan\.gradle\caches\7.2\fileContent)" [_thread_blocked, id=12888, stack(0x000000510c700000,0x000000510c800000)]
  0x0000017346132000 JavaThread "Memory manager" [_thread_blocked, id=8132, stack(0x000000510e400000,0x000000510e500000)]
  0x00000173445cc000 JavaThread "RMI Scheduler(0)" daemon [_thread_blocked, id=13812, stack(0x0000005110c00000,0x0000005110d00000)]
  0x00000173445c8000 JavaThread "RMI GC Daemon" daemon [_thread_blocked, id=8392, stack(0x0000005111000000,0x0000005111100000)]
  0x00000173445c9800 JavaThread "RMI TCP Accept-0" daemon [_thread_in_native, id=11924, stack(0x0000005111200000,0x0000005111300000)]
  0x00000173445cb000 JavaThread "RMI Reaper" [_thread_blocked, id=13488, stack(0x0000005111300000,0x0000005111400000)]
  0x000001734c6e7800 JavaThread "ForkJoinPool.commonPool-worker-1" daemon [_thread_blocked, id=4112, stack(0x0000005111500000,0x0000005111600000)]
  0x0000017346136000 JavaThread "Daemon Thread 4" [_thread_blocked, id=9748, stack(0x000000510c800000,0x000000510c900000)]
  0x0000017346135000 JavaThread "Handler for socket connection from /127.0.0.1:61938 to /127.0.0.1:63257" [_thread_in_native, id=8748, stack(0x000000510c900000,0x000000510ca00000)]
  0x0000017346134800 JavaThread "Cancel handler" [_thread_blocked, id=11652, stack(0x000000510df00000,0x000000510e000000)]
  0x0000017346138800 JavaThread "Daemon worker Thread 4" [_thread_blocked, id=14160, stack(0x000000510e000000,0x000000510e100000)]
  0x0000017346132800 JavaThread "Asynchronous log dispatcher for DefaultDaemonConnection: socket connection from /127.0.0.1:61938 to /127.0.0.1:63257" [_thread_blocked, id=6576, stack(0x000000510e100000,0x000000510e200000)]
  0x0000017346133800 JavaThread "Daemon client event forwarder" [_thread_blocked, id=7152, stack(0x000000510e300000,0x000000510e400000)]
  0x000001734613f000 JavaThread "Cache worker for file hash cache (C:\Users\IronMan\Desktop\Me\AndroidStudio\MyWork\DPS\.gradle\7.2\fileHashes)" [_thread_blocked, id=13672, stack(0x000000510e500000,0x000000510e600000)]
  0x000001734613a000 JavaThread "Cache worker for checksums cache (C:\Users\IronMan\Desktop\Me\AndroidStudio\MyWork\DPS\.gradle\checksums)" [_thread_blocked, id=4128, stack(0x000000510ed00000,0x000000510ee00000)]
  0x000001734613d800 JavaThread "Cache worker for cache directory md-supplier (C:\Users\IronMan\.gradle\caches\7.2\md-supplier)" [_thread_blocked, id=14064, stack(0x000000510ee00000,0x000000510ef00000)]
  0x000001734613b000 JavaThread "Cache worker for cache directory md-rule (C:\Users\IronMan\.gradle\caches\7.2\md-rule)" [_thread_blocked, id=8216, stack(0x000000510ef00000,0x000000510f000000)]
  0x0000017346140000 JavaThread "Cache worker for dependencies-accessors (C:\Users\IronMan\Desktop\Me\AndroidStudio\MyWork\DPS\.gradle\7.2\dependencies-accessors)" [_thread_blocked, id=13532, stack(0x000000510f100000,0x000000510f200000)]
  0x000001734613b800 JavaThread "Cache worker for Build Output Cleanup Cache (C:\Users\IronMan\Desktop\Me\AndroidStudio\MyWork\DPS\.gradle\buildOutputCleanup)" [_thread_blocked, id=5740, stack(0x000000510f200000,0x000000510f300000)]
  0x000001734613e000 JavaThread "Unconstrained build operations" [_thread_blocked, id=12164, stack(0x000000510f300000,0x000000510f400000)]
  0x000001734613c800 JavaThread "Unconstrained build operations Thread 2" [_thread_blocked, id=13776, stack(0x000000510f400000,0x000000510f500000)]
  0x000001734c6e9000 JavaThread "Unconstrained build operations Thread 3" [_thread_blocked, id=4428, stack(0x000000510f500000,0x000000510f600000)]
  0x000001734c6e3800 JavaThread "Unconstrained build operations Thread 4" [_thread_blocked, id=9452, stack(0x000000510f600000,0x000000510f700000)]
  0x000001734c6e8000 JavaThread "Unconstrained build operations Thread 5" [_thread_blocked, id=10556, stack(0x000000510f700000,0x000000510f800000)]
  0x000001734c6e6800 JavaThread "Unconstrained build operations Thread 6" [_thread_in_Java, id=9828, stack(0x000000510f800000,0x000000510f900000)]
  0x000001734c6ea000 JavaThread "Unconstrained build operations Thread 7" [_thread_blocked, id=9528, stack(0x000000510f900000,0x000000510fa00000)]
  0x000001734c6e4000 JavaThread "Unconstrained build operations Thread 8" [_thread_blocked, id=12372, stack(0x000000510fa00000,0x000000510fb00000)]
  0x000001734c6ea800 JavaThread "Unconstrained build operations Thread 9" [_thread_in_Java, id=4256, stack(0x000000510fb00000,0x000000510fc00000)]
  0x000001734c6e5000 JavaThread "Unconstrained build operations Thread 10" [_thread_blocked, id=8672, stack(0x000000510fc00000,0x000000510fd00000)]
  0x000001734c6e5800 JavaThread "Unconstrained build operations Thread 11" [_thread_blocked, id=12824, stack(0x000000510fd00000,0x000000510fe00000)]
  0x000001734c6ee800 JavaThread "Unconstrained build operations Thread 12" [_thread_blocked, id=6384, stack(0x000000510fe00000,0x000000510ff00000)]
  0x000001734c6ee000 JavaThread "Unconstrained build operations Thread 13" [_thread_blocked, id=3272, stack(0x000000510ff00000,0x0000005110000000)]
  0x000001734c6f1000 JavaThread "Unconstrained build operations Thread 14" [_thread_blocked, id=5252, stack(0x0000005110000000,0x0000005110100000)]
  0x000001734c6ef800 JavaThread "Unconstrained build operations Thread 15" [_thread_blocked, id=11908, stack(0x0000005110100000,0x0000005110200000)]
  0x000001734c6f0800 JavaThread "Unconstrained build operations Thread 16" [_thread_blocked, id=14140, stack(0x0000005110200000,0x0000005110300000)]
  0x000001734c6eb800 JavaThread "Unconstrained build operations Thread 17" [_thread_blocked, id=12760, stack(0x0000005110300000,0x0000005110400000)]
  0x000001734c6ec800 JavaThread "Unconstrained build operations Thread 18" [_thread_blocked, id=11640, stack(0x0000005110400000,0x0000005110500000)]
  0x000001734c6f2000 JavaThread "Unconstrained build operations Thread 19" [_thread_blocked, id=236, stack(0x0000005110500000,0x0000005110600000)]
  0x000001734c6ed000 JavaThread "Unconstrained build operations Thread 20" [_thread_blocked, id=7944, stack(0x0000005110600000,0x0000005110700000)]
  0x0000017345fd3000 JavaThread "build event listener" [_thread_blocked, id=9272, stack(0x0000005110700000,0x0000005110800000)]
  0x0000017345fd1000 JavaThread "Execution worker for ':'" [_thread_blocked, id=11032, stack(0x0000005110800000,0x0000005110900000)]
  0x0000017345fd4000 JavaThread "Cache worker for execution history cache (C:\Users\IronMan\Desktop\Me\AndroidStudio\MyWork\DPS\.gradle\7.2\executionHistory)" [_thread_blocked, id=9660, stack(0x0000005110900000,0x0000005110a00000)]
  0x0000017345fd2800 JavaThread "WorkerExecutor Queue" [_thread_blocked, id=13568, stack(0x0000005110a00000,0x0000005110b00000)]
  0x0000017345fcf000 JavaThread "WorkerExecutor Queue Thread 2" [_thread_blocked, id=528, stack(0x000000510e200000,0x000000510e300000)]
  0x0000017345fda800 JavaThread "RMI TCP Connection(idle)" daemon [_thread_blocked, id=8516, stack(0x0000005110b00000,0x0000005110c00000)]

Other Threads:
  0x000001734108e000 VMThread "VM Thread" [stack: 0x000000510d000000,0x000000510d100000] [id=4200]
  0x0000017341b96000 WatcherThread [stack: 0x000000510da00000,0x000000510db00000] [id=13792]
  0x0000017327994800 GCTaskThread "GC Thread#0" [stack: 0x000000510cb00000,0x000000510cc00000] [id=7612]
  0x0000017341c93000 GCTaskThread "GC Thread#1" [stack: 0x000000510db00000,0x000000510dc00000] [id=14152]
  0x00000173279c7800 ConcurrentGCThread "G1 Main Marker" [stack: 0x000000510cc00000,0x000000510cd00000] [id=13180]
  0x00000173279c9800 ConcurrentGCThread "G1 Conc#0" [stack: 0x000000510cd00000,0x000000510ce00000] [id=3044]
  0x0000017327a4d000 ConcurrentGCThread "G1 Refine#0" [stack: 0x000000510ce00000,0x000000510cf00000] [id=4460]
  0x0000017327a4e000 ConcurrentGCThread "G1 Young RemSet Sampling" [stack: 0x000000510cf00000,0x000000510d000000] [id=13028]

Threads with active compile tasks:
C2 CompilerThread03072620 31160       4       com.android.tools.r8.ir.regalloc.b::c (3939 bytes)

VM state:not at safepoint (normal execution)

VM Mutex/Monitor currently owned by a thread: None

Heap address: 0x0000000080000000, size: 2048 MB, Compressed Oops mode: 32-bit
Narrow klass base: 0x0000000000000000, Narrow klass shift: 3
Compressed class space size: 1073741824 Address: 0x0000000100000000

Heap:
 garbage-first heap   total 379904K, used 219639K [0x0000000080000000, 0x0000000100000000)
  region size 1024K, 11 young (11264K), 4 survivors (4096K)
 Metaspace       used 218537K, capacity 223756K, committed 223892K, reserved 1243136K
  class space    used 28039K, capacity 29992K, committed 30028K, reserved 1048576K
Heap Regions: E=young(eden), S=young(survivor), O=old, HS=humongous(starts), HC=humongous(continues), CS=collection set, F=free, A=archive, TAMS=top-at-mark-start (previous, next)
|   0|0x0000000080000000, 0x0000000080100000, 0x0000000080100000|100%| O|  |TAMS 0x0000000080100000, 0x0000000080100000| Untracked 
|   1|0x0000000080100000, 0x0000000080200000, 0x0000000080200000|100%| O|  |TAMS 0x0000000080200000, 0x0000000080200000| Untracked 
|   2|0x0000000080200000, 0x0000000080300000, 0x0000000080300000|100%| O|  |TAMS 0x0000000080300000, 0x0000000080300000| Untracked 
|   3|0x0000000080300000, 0x0000000080400000, 0x0000000080400000|100%| O|  |TAMS 0x0000000080400000, 0x0000000080400000| Untracked 
|   4|0x0000000080400000, 0x0000000080500000, 0x0000000080500000|100%|HS|  |TAMS 0x0000000080500000, 0x0000000080500000| Complete 
|   5|0x0000000080500000, 0x0000000080600000, 0x0000000080600000|100%|HC|  |TAMS 0x0000000080600000, 0x0000000080600000| Complete 
|   6|0x0000000080600000, 0x0000000080700000, 0x0000000080700000|100%|HC|  |TAMS 0x0000000080700000, 0x0000000080700000| Complete 
|   7|0x0000000080700000, 0x0000000080800000, 0x0000000080800000|100%| O|  |TAMS 0x0000000080800000, 0x0000000080800000| Untracked 
|   8|0x0000000080800000, 0x0000000080900000, 0x0000000080900000|100%| O|  |TAMS 0x0000000080900000, 0x0000000080900000| Untracked 
|   9|0x0000000080900000, 0x0000000080a00000, 0x0000000080a00000|100%| O|  |TAMS 0x0000000080a00000, 0x0000000080a00000| Untracked 
|  10|0x0000000080a00000, 0x0000000080b00000, 0x0000000080b00000|100%| O|  |TAMS 0x0000000080b00000, 0x0000000080b00000| Untracked 
|  11|0x0000000080b00000, 0x0000000080c00000, 0x0000000080c00000|100%| O|  |TAMS 0x0000000080c00000, 0x0000000080c00000| Untracked 
|  12|0x0000000080c00000, 0x0000000080d00000, 0x0000000080d00000|100%| O|  |TAMS 0x0000000080d00000, 0x0000000080d00000| Untracked 
|  13|0x0000000080d00000, 0x0000000080e00000, 0x0000000080e00000|100%| O|  |TAMS 0x0000000080e00000, 0x0000000080e00000| Untracked 
|  14|0x0000000080e00000, 0x0000000080f00000, 0x0000000080f00000|100%| O|  |TAMS 0x0000000080f00000, 0x0000000080f00000| Untracked 
|  15|0x0000000080f00000, 0x0000000081000000, 0x0000000081000000|100%|HS|  |TAMS 0x0000000081000000, 0x0000000081000000| Complete 
|  16|0x0000000081000000, 0x0000000081100000, 0x0000000081100000|100%|HC|  |TAMS 0x0000000081100000, 0x0000000081100000| Complete 
|  17|0x0000000081100000, 0x0000000081200000, 0x0000000081200000|100%|HS|  |TAMS 0x0000000081200000, 0x0000000081200000| Complete 
|  18|0x0000000081200000, 0x0000000081300000, 0x0000000081300000|100%|HC|  |TAMS 0x0000000081300000, 0x0000000081300000| Complete 
|  19|0x0000000081300000, 0x0000000081400000, 0x0000000081400000|100%|HC|  |TAMS 0x0000000081400000, 0x0000000081400000| Complete 
|  20|0x0000000081400000, 0x0000000081500000, 0x0000000081500000|100%|HS|  |TAMS 0x0000000081500000, 0x0000000081500000| Complete 
|  21|0x0000000081500000, 0x0000000081600000, 0x0000000081600000|100%|HC|  |TAMS 0x0000000081600000, 0x0000000081600000| Complete 
|  22|0x0000000081600000, 0x0000000081700000, 0x0000000081700000|100%|HC|  |TAMS 0x0000000081700000, 0x0000000081700000| Complete 
|  23|0x0000000081700000, 0x0000000081800000, 0x0000000081800000|100%|HC|  |TAMS 0x0000000081800000, 0x0000000081800000| Complete 
|  24|0x0000000081800000, 0x0000000081900000, 0x0000000081900000|100%| O|  |TAMS 0x0000000081900000, 0x0000000081900000| Untracked 
|  25|0x0000000081900000, 0x0000000081a00000, 0x0000000081a00000|100%| O|  |TAMS 0x0000000081a00000, 0x0000000081a00000| Untracked 
|  26|0x0000000081a00000, 0x0000000081b00000, 0x0000000081b00000|100%| O|  |TAMS 0x0000000081b00000, 0x0000000081b00000| Untracked 
|  27|0x0000000081b00000, 0x0000000081c00000, 0x0000000081c00000|100%| O|  |TAMS 0x0000000081c00000, 0x0000000081c00000| Untracked 
|  28|0x0000000081c00000, 0x0000000081d00000, 0x0000000081d00000|100%| O|  |TAMS 0x0000000081d00000, 0x0000000081d00000| Untracked 
|  29|0x0000000081d00000, 0x0000000081e00000, 0x0000000081e00000|100%| O|  |TAMS 0x0000000081e00000, 0x0000000081e00000| Untracked 
|  30|0x0000000081e00000, 0x0000000081f00000, 0x0000000081f00000|100%| O|  |TAMS 0x0000000081f00000, 0x0000000081f00000| Untracked 
|  31|0x0000000081f00000, 0x0000000082000000, 0x0000000082000000|100%|HS|  |TAMS 0x0000000082000000, 0x0000000082000000| Complete 
|  32|0x0000000082000000, 0x0000000082100000, 0x0000000082100000|100%|HC|  |TAMS 0x0000000082100000, 0x0000000082100000| Complete 
|  33|0x0000000082100000, 0x0000000082200000, 0x0000000082200000|100%|HC|  |TAMS 0x0000000082200000, 0x0000000082200000| Complete 
|  34|0x0000000082200000, 0x0000000082300000, 0x0000000082300000|100%| O|  |TAMS 0x0000000082300000, 0x0000000082300000| Untracked 
|  35|0x0000000082300000, 0x0000000082400000, 0x0000000082400000|100%| O|  |TAMS 0x0000000082400000, 0x0000000082400000| Untracked 
|  36|0x0000000082400000, 0x0000000082500000, 0x0000000082500000|100%| O|  |TAMS 0x0000000082500000, 0x0000000082500000| Untracked 
|  37|0x0000000082500000, 0x0000000082600000, 0x0000000082600000|100%| O|  |TAMS 0x0000000082600000, 0x0000000082600000| Untracked 
|  38|0x0000000082600000, 0x0000000082700000, 0x0000000082700000|100%| O|  |TAMS 0x0000000082600000, 0x0000000082700000| Untracked 
|  39|0x0000000082700000, 0x0000000082800000, 0x0000000082800000|100%| O|  |TAMS 0x0000000082800000, 0x0000000082800000| Untracked 
|  40|0x0000000082800000, 0x0000000082900000, 0x0000000082900000|100%| O|  |TAMS 0x0000000082900000, 0x0000000082900000| Untracked 
|  41|0x0000000082900000, 0x0000000082a00000, 0x0000000082a00000|100%| O|  |TAMS 0x0000000082a00000, 0x0000000082a00000| Untracked 
|  42|0x0000000082a00000, 0x0000000082b00000, 0x0000000082b00000|100%| O|  |TAMS 0x0000000082b00000, 0x0000000082b00000| Untracked 
|  43|0x0000000082b00000, 0x0000000082c00000, 0x0000000082c00000|100%| O|  |TAMS 0x0000000082c00000, 0x0000000082c00000| Untracked 
|  44|0x0000000082c00000, 0x0000000082d00000, 0x0000000082d00000|100%| O|  |TAMS 0x0000000082d00000, 0x0000000082d00000| Untracked 
|  45|0x0000000082d00000, 0x0000000082e00000, 0x0000000082e00000|100%| O|  |TAMS 0x0000000082e00000, 0x0000000082e00000| Untracked 
|  46|0x0000000082e00000, 0x0000000082f00000, 0x0000000082f00000|100%|HS|  |TAMS 0x0000000082f00000, 0x0000000082f00000| Complete 
|  47|0x0000000082f00000, 0x0000000083000000, 0x0000000083000000|100%|HC|  |TAMS 0x0000000083000000, 0x0000000083000000| Complete 
|  48|0x0000000083000000, 0x0000000083100000, 0x0000000083100000|100%|HC|  |TAMS 0x0000000083100000, 0x0000000083100000| Complete 
|  49|0x0000000083100000, 0x0000000083200000, 0x0000000083200000|100%|HC|  |TAMS 0x0000000083200000, 0x0000000083200000| Complete 
|  50|0x0000000083200000, 0x0000000083300000, 0x0000000083300000|100%| O|  |TAMS 0x0000000083300000, 0x0000000083300000| Untracked 
|  51|0x0000000083300000, 0x0000000083400000, 0x0000000083400000|100%| O|  |TAMS 0x0000000083400000, 0x0000000083400000| Untracked 
|  52|0x0000000083400000, 0x0000000083500000, 0x0000000083500000|100%| O|  |TAMS 0x0000000083500000, 0x0000000083500000| Untracked 
|  53|0x0000000083500000, 0x0000000083600000, 0x0000000083600000|100%| O|  |TAMS 0x0000000083600000, 0x0000000083600000| Untracked 
|  54|0x0000000083600000, 0x0000000083700000, 0x0000000083700000|100%|HS|  |TAMS 0x0000000083700000, 0x0000000083700000| Complete 
|  55|0x0000000083700000, 0x0000000083800000, 0x0000000083800000|100%|HS|  |TAMS 0x0000000083800000, 0x0000000083800000| Complete 
|  56|0x0000000083800000, 0x0000000083900000, 0x0000000083900000|100%|HS|  |TAMS 0x0000000083900000, 0x0000000083900000| Complete 
|  57|0x0000000083900000, 0x0000000083a00000, 0x0000000083a00000|100%| O|  |TAMS 0x0000000083a00000, 0x0000000083a00000| Untracked 
|  58|0x0000000083a00000, 0x0000000083b00000, 0x0000000083b00000|100%| O|  |TAMS 0x0000000083b00000, 0x0000000083b00000| Untracked 
|  59|0x0000000083b00000, 0x0000000083c00000, 0x0000000083c00000|100%| O|  |TAMS 0x0000000083c00000, 0x0000000083c00000| Untracked 
|  60|0x0000000083c00000, 0x0000000083d00000, 0x0000000083d00000|100%| O|  |TAMS 0x0000000083d00000, 0x0000000083d00000| Untracked 
|  61|0x0000000083d00000, 0x0000000083d00000, 0x0000000083e00000|  0%| F|  |TAMS 0x0000000083d00000, 0x0000000083d00000| Untracked 
|  62|0x0000000083e00000, 0x0000000083f00000, 0x0000000083f00000|100%| O|  |TAMS 0x0000000083f00000, 0x0000000083f00000| Untracked 
|  63|0x0000000083f00000, 0x0000000084000000, 0x0000000084000000|100%|HS|  |TAMS 0x0000000084000000, 0x0000000084000000| Complete 
|  64|0x0000000084000000, 0x0000000084100000, 0x0000000084100000|100%|HS|  |TAMS 0x0000000084100000, 0x0000000084100000| Complete 
|  65|0x0000000084100000, 0x0000000084200000, 0x0000000084200000|100%|HC|  |TAMS 0x0000000084200000, 0x0000000084200000| Complete 
|  66|0x0000000084200000, 0x0000000084300000, 0x0000000084300000|100%|HC|  |TAMS 0x0000000084300000, 0x0000000084300000| Complete 
|  67|0x0000000084300000, 0x0000000084400000, 0x0000000084400000|100%| O|  |TAMS 0x0000000084400000, 0x0000000084400000| Untracked 
|  68|0x0000000084400000, 0x0000000084500000, 0x0000000084500000|100%| O|  |TAMS 0x0000000084500000, 0x0000000084500000| Untracked 
|  69|0x0000000084500000, 0x0000000084600000, 0x0000000084600000|100%|HS|  |TAMS 0x0000000084600000, 0x0000000084600000| Complete 
|  70|0x0000000084600000, 0x0000000084700000, 0x0000000084700000|100%|HC|  |TAMS 0x0000000084700000, 0x0000000084700000| Complete 
|  71|0x0000000084700000, 0x0000000084800000, 0x0000000084800000|100%| O|  |TAMS 0x0000000084800000, 0x0000000084800000| Untracked 
|  72|0x0000000084800000, 0x0000000084900000, 0x0000000084900000|100%| O|  |TAMS 0x0000000084900000, 0x0000000084900000| Untracked 
|  73|0x0000000084900000, 0x0000000084a00000, 0x0000000084a00000|100%| O|  |TAMS 0x0000000084a00000, 0x0000000084a00000| Untracked 
|  74|0x0000000084a00000, 0x0000000084b00000, 0x0000000084b00000|100%| O|  |TAMS 0x0000000084b00000, 0x0000000084b00000| Untracked 
|  75|0x0000000084b00000, 0x0000000084c00000, 0x0000000084c00000|100%| O|  |TAMS 0x0000000084c00000, 0x0000000084c00000| Untracked 
|  76|0x0000000084c00000, 0x0000000084d00000, 0x0000000084d00000|100%| O|  |TAMS 0x0000000084d00000, 0x0000000084d00000| Untracked 
|  77|0x0000000084d00000, 0x0000000084e00000, 0x0000000084e00000|100%| O|  |TAMS 0x0000000084e00000, 0x0000000084e00000| Untracked 
|  78|0x0000000084e00000, 0x0000000084f00000, 0x0000000084f00000|100%| O|  |TAMS 0x0000000084f00000, 0x0000000084f00000| Untracked 
|  79|0x0000000084f00000, 0x0000000085000000, 0x0000000085000000|100%| O|  |TAMS 0x0000000085000000, 0x0000000085000000| Untracked 
|  80|0x0000000085000000, 0x0000000085100000, 0x0000000085100000|100%| O|  |TAMS 0x0000000085100000, 0x0000000085100000| Untracked 
|  81|0x0000000085100000, 0x0000000085200000, 0x0000000085200000|100%| O|  |TAMS 0x0000000085200000, 0x0000000085200000| Untracked 
|  82|0x0000000085200000, 0x0000000085300000, 0x0000000085300000|100%| O|  |TAMS 0x0000000085300000, 0x0000000085300000| Untracked 
|  83|0x0000000085300000, 0x0000000085400000, 0x0000000085400000|100%| O|  |TAMS 0x0000000085400000, 0x0000000085400000| Untracked 
|  84|0x0000000085400000, 0x0000000085500000, 0x0000000085500000|100%| O|  |TAMS 0x0000000085500000, 0x0000000085500000| Untracked 
|  85|0x0000000085500000, 0x0000000085600000, 0x0000000085600000|100%| O|  |TAMS 0x0000000085600000, 0x0000000085600000| Untracked 
|  86|0x0000000085600000, 0x0000000085700000, 0x0000000085700000|100%| O|  |TAMS 0x0000000085700000, 0x0000000085700000| Untracked 
|  87|0x0000000085700000, 0x0000000085800000, 0x0000000085800000|100%| O|  |TAMS 0x0000000085800000, 0x0000000085800000| Untracked 
|  88|0x0000000085800000, 0x0000000085900000, 0x0000000085900000|100%| O|  |TAMS 0x0000000085900000, 0x0000000085900000| Untracked 
|  89|0x0000000085900000, 0x0000000085a00000, 0x0000000085a00000|100%| O|  |TAMS 0x0000000085a00000, 0x0000000085a00000| Untracked 
|  90|0x0000000085a00000, 0x0000000085b00000, 0x0000000085b00000|100%| O|  |TAMS 0x0000000085b00000, 0x0000000085b00000| Untracked 
|  91|0x0000000085b00000, 0x0000000085b00000, 0x0000000085c00000|  0%| F|  |TAMS 0x0000000085b00000, 0x0000000085b00000| Untracked 
|  92|0x0000000085c00000, 0x0000000085d00000, 0x0000000085d00000|100%| O|  |TAMS 0x0000000085d00000, 0x0000000085d00000| Untracked 
|  93|0x0000000085d00000, 0x0000000085d00000, 0x0000000085e00000|  0%| F|  |TAMS 0x0000000085d00000, 0x0000000085d00000| Untracked 
|  94|0x0000000085e00000, 0x0000000085f00000, 0x0000000085f00000|100%| O|  |TAMS 0x0000000085e00000, 0x0000000085f00000| Untracked 
|  95|0x0000000085f00000, 0x0000000086000000, 0x0000000086000000|100%|HS|  |TAMS 0x0000000086000000, 0x0000000086000000| Complete 
|  96|0x0000000086000000, 0x0000000086100000, 0x0000000086100000|100%|HC|  |TAMS 0x0000000086100000, 0x0000000086100000| Complete 
|  97|0x0000000086100000, 0x0000000086200000, 0x0000000086200000|100%| O|  |TAMS 0x0000000086200000, 0x0000000086200000| Untracked 
|  98|0x0000000086200000, 0x0000000086300000, 0x0000000086300000|100%|HS|  |TAMS 0x0000000086300000, 0x0000000086300000| Complete 
|  99|0x0000000086300000, 0x0000000086400000, 0x0000000086400000|100%|HC|  |TAMS 0x0000000086400000, 0x0000000086400000| Complete 
| 100|0x0000000086400000, 0x0000000086500000, 0x0000000086500000|100%|HC|  |TAMS 0x0000000086500000, 0x0000000086500000| Complete 
| 101|0x0000000086500000, 0x0000000086600000, 0x0000000086600000|100%|HS|  |TAMS 0x0000000086600000, 0x0000000086600000| Complete 
| 102|0x0000000086600000, 0x0000000086700000, 0x0000000086700000|100%|HC|  |TAMS 0x0000000086700000, 0x0000000086700000| Complete 
| 103|0x0000000086700000, 0x0000000086800000, 0x0000000086800000|100%|HC|  |TAMS 0x0000000086800000, 0x0000000086800000| Complete 
| 104|0x0000000086800000, 0x0000000086900000, 0x0000000086900000|100%|HC|  |TAMS 0x0000000086900000, 0x0000000086900000| Complete 
| 105|0x0000000086900000, 0x0000000086a00000, 0x0000000086a00000|100%| O|  |TAMS 0x0000000086a00000, 0x0000000086a00000| Untracked 
| 106|0x0000000086a00000, 0x0000000086b00000, 0x0000000086b00000|100%| O|  |TAMS 0x0000000086b00000, 0x0000000086b00000| Untracked 
| 107|0x0000000086b00000, 0x0000000086c00000, 0x0000000086c00000|100%| O|  |TAMS 0x0000000086c00000, 0x0000000086c00000| Untracked 
| 108|0x0000000086c00000, 0x0000000086d00000, 0x0000000086d00000|100%| O|  |TAMS 0x0000000086d00000, 0x0000000086d00000| Untracked 
| 109|0x0000000086d00000, 0x0000000086e00000, 0x0000000086e00000|100%| O|  |TAMS 0x0000000086e00000, 0x0000000086e00000| Untracked 
| 110|0x0000000086e00000, 0x0000000086f00000, 0x0000000086f00000|100%| O|  |TAMS 0x0000000086f00000, 0x0000000086f00000| Untracked 
| 111|0x0000000086f00000, 0x0000000087000000, 0x0000000087000000|100%| O|  |TAMS 0x0000000087000000, 0x0000000087000000| Untracked 
| 112|0x0000000087000000, 0x0000000087100000, 0x0000000087100000|100%| O|  |TAMS 0x0000000087100000, 0x0000000087100000| Untracked 
| 113|0x0000000087100000, 0x0000000087200000, 0x0000000087200000|100%| O|  |TAMS 0x0000000087200000, 0x0000000087200000| Untracked 
| 114|0x0000000087200000, 0x0000000087300000, 0x0000000087300000|100%| O|  |TAMS 0x0000000087300000, 0x0000000087300000| Untracked 
| 115|0x0000000087300000, 0x0000000087400000, 0x0000000087400000|100%| O|  |TAMS 0x0000000087400000, 0x0000000087400000| Untracked 
| 116|0x0000000087400000, 0x0000000087500000, 0x0000000087500000|100%| O|  |TAMS 0x0000000087500000, 0x0000000087500000| Untracked 
| 117|0x0000000087500000, 0x0000000087600000, 0x0000000087600000|100%| O|  |TAMS 0x0000000087600000, 0x0000000087600000| Untracked 
| 118|0x0000000087600000, 0x0000000087700000, 0x0000000087700000|100%| O|  |TAMS 0x0000000087700000, 0x0000000087700000| Untracked 
| 119|0x0000000087700000, 0x0000000087800000, 0x0000000087800000|100%| O|  |TAMS 0x0000000087800000, 0x0000000087800000| Untracked 
| 120|0x0000000087800000, 0x0000000087900000, 0x0000000087900000|100%| O|  |TAMS 0x0000000087900000, 0x0000000087900000| Untracked 
| 121|0x0000000087900000, 0x0000000087a00000, 0x0000000087a00000|100%| O|  |TAMS 0x0000000087a00000, 0x0000000087a00000| Untracked 
| 122|0x0000000087a00000, 0x0000000087b00000, 0x0000000087b00000|100%| O|  |TAMS 0x0000000087b00000, 0x0000000087b00000| Untracked 
| 123|0x0000000087b00000, 0x0000000087c00000, 0x0000000087c00000|100%| O|  |TAMS 0x0000000087c00000, 0x0000000087c00000| Untracked 
| 124|0x0000000087c00000, 0x0000000087d00000, 0x0000000087d00000|100%| O|  |TAMS 0x0000000087d00000, 0x0000000087d00000| Untracked 
| 125|0x0000000087d00000, 0x0000000087e00000, 0x0000000087e00000|100%| O|  |TAMS 0x0000000087e00000, 0x0000000087e00000| Untracked 
| 126|0x0000000087e00000, 0x0000000087f00000, 0x0000000087f00000|100%| O|  |TAMS 0x0000000087f00000, 0x0000000087f00000| Untracked 
| 127|0x0000000087f00000, 0x0000000088000000, 0x0000000088000000|100%| O|  |TAMS 0x0000000088000000, 0x0000000088000000| Untracked 
| 128|0x0000000088000000, 0x0000000088100000, 0x0000000088100000|100%| O|  |TAMS 0x0000000088100000, 0x0000000088100000| Untracked 
| 129|0x0000000088100000, 0x0000000088200000, 0x0000000088200000|100%| O|  |TAMS 0x0000000088200000, 0x0000000088200000| Untracked 
| 130|0x0000000088200000, 0x0000000088300000, 0x0000000088300000|100%| O|  |TAMS 0x0000000088300000, 0x0000000088300000| Untracked 
| 131|0x0000000088300000, 0x0000000088400000, 0x0000000088400000|100%| O|  |TAMS 0x0000000088300000, 0x0000000088400000| Untracked 
| 132|0x0000000088400000, 0x0000000088500000, 0x0000000088500000|100%| O|  |TAMS 0x0000000088500000, 0x0000000088500000| Untracked 
| 133|0x0000000088500000, 0x0000000088600000, 0x0000000088600000|100%| O|  |TAMS 0x0000000088600000, 0x0000000088600000| Untracked 
| 134|0x0000000088600000, 0x0000000088700000, 0x0000000088700000|100%| O|  |TAMS 0x0000000088700000, 0x0000000088700000| Untracked 
| 135|0x0000000088700000, 0x0000000088800000, 0x0000000088800000|100%| O|  |TAMS 0x0000000088800000, 0x0000000088800000| Untracked 
| 136|0x0000000088800000, 0x0000000088900000, 0x0000000088900000|100%| O|  |TAMS 0x0000000088900000, 0x0000000088900000| Untracked 
| 137|0x0000000088900000, 0x0000000088a00000, 0x0000000088a00000|100%| O|  |TAMS 0x0000000088a00000, 0x0000000088a00000| Untracked 
| 138|0x0000000088a00000, 0x0000000088b00000, 0x0000000088b00000|100%| O|  |TAMS 0x0000000088b00000, 0x0000000088b00000| Untracked 
| 139|0x0000000088b00000, 0x0000000088c00000, 0x0000000088c00000|100%| O|  |TAMS 0x0000000088c00000, 0x0000000088c00000| Untracked 
| 140|0x0000000088c00000, 0x0000000088d00000, 0x0000000088d00000|100%| O|  |TAMS 0x0000000088d00000, 0x0000000088d00000| Untracked 
| 141|0x0000000088d00000, 0x0000000088e00000, 0x0000000088e00000|100%| O|  |TAMS 0x0000000088e00000, 0x0000000088e00000| Untracked 
| 142|0x0000000088e00000, 0x0000000088f00000, 0x0000000088f00000|100%| O|  |TAMS 0x0000000088f00000, 0x0000000088f00000| Untracked 
| 143|0x0000000088f00000, 0x0000000089000000, 0x0000000089000000|100%| O|  |TAMS 0x0000000089000000, 0x0000000089000000| Untracked 
| 144|0x0000000089000000, 0x0000000089100000, 0x0000000089100000|100%| O|  |TAMS 0x0000000089100000, 0x0000000089100000| Untracked 
| 145|0x0000000089100000, 0x0000000089200000, 0x0000000089200000|100%| O|  |TAMS 0x0000000089186a00, 0x0000000089200000| Untracked 
| 146|0x0000000089200000, 0x0000000089300000, 0x0000000089300000|100%| O|  |TAMS 0x0000000089300000, 0x0000000089300000| Untracked 
| 147|0x0000000089300000, 0x0000000089400000, 0x0000000089400000|100%| O|  |TAMS 0x0000000089400000, 0x0000000089400000| Untracked 
| 148|0x0000000089400000, 0x0000000089500000, 0x0000000089500000|100%| O|  |TAMS 0x0000000089500000, 0x0000000089500000| Untracked 
| 149|0x0000000089500000, 0x0000000089600000, 0x0000000089600000|100%| O|  |TAMS 0x0000000089600000, 0x0000000089600000| Untracked 
| 150|0x0000000089600000, 0x0000000089700000, 0x0000000089700000|100%| O|  |TAMS 0x0000000089700000, 0x0000000089700000| Untracked 
| 151|0x0000000089700000, 0x0000000089800000, 0x0000000089800000|100%| O|  |TAMS 0x0000000089800000, 0x0000000089800000| Untracked 
| 152|0x0000000089800000, 0x0000000089900000, 0x0000000089900000|100%| O|  |TAMS 0x0000000089900000, 0x0000000089900000| Untracked 
| 153|0x0000000089900000, 0x0000000089a00000, 0x0000000089a00000|100%| O|  |TAMS 0x0000000089a00000, 0x0000000089a00000| Untracked 
| 154|0x0000000089a00000, 0x0000000089b00000, 0x0000000089b00000|100%| O|  |TAMS 0x0000000089a00000, 0x0000000089b00000| Untracked 
| 155|0x0000000089b00000, 0x0000000089c00000, 0x0000000089c00000|100%| O|  |TAMS 0x0000000089b00000, 0x0000000089c00000| Untracked 
| 156|0x0000000089c00000, 0x0000000089d00000, 0x0000000089d00000|100%| O|  |TAMS 0x0000000089d00000, 0x0000000089d00000| Untracked 
| 157|0x0000000089d00000, 0x0000000089e00000, 0x0000000089e00000|100%| O|  |TAMS 0x0000000089e00000, 0x0000000089e00000| Untracked 
| 158|0x0000000089e00000, 0x0000000089f00000, 0x0000000089f00000|100%| O|  |TAMS 0x0000000089f00000, 0x0000000089f00000| Untracked 
| 159|0x0000000089f00000, 0x000000008a000000, 0x000000008a000000|100%| O|  |TAMS 0x000000008a000000, 0x000000008a000000| Untracked 
| 160|0x000000008a000000, 0x000000008a100000, 0x000000008a100000|100%| O|  |TAMS 0x000000008a100000, 0x000000008a100000| Untracked 
| 161|0x000000008a100000, 0x000000008a200000, 0x000000008a200000|100%| O|  |TAMS 0x000000008a100000, 0x000000008a200000| Untracked 
| 162|0x000000008a200000, 0x000000008a300000, 0x000000008a300000|100%| O|  |TAMS 0x000000008a300000, 0x000000008a300000| Untracked 
| 163|0x000000008a300000, 0x000000008a400000, 0x000000008a400000|100%| O|  |TAMS 0x000000008a400000, 0x000000008a400000| Untracked 
| 164|0x000000008a400000, 0x000000008a500000, 0x000000008a500000|100%| O|  |TAMS 0x000000008a500000, 0x000000008a500000| Untracked 
| 165|0x000000008a500000, 0x000000008a600000, 0x000000008a600000|100%| O|  |TAMS 0x000000008a500000, 0x000000008a600000| Untracked 
| 166|0x000000008a600000, 0x000000008a700000, 0x000000008a700000|100%| O|  |TAMS 0x000000008a600000, 0x000000008a700000| Untracked 
| 167|0x000000008a700000, 0x000000008a800000, 0x000000008a800000|100%| O|  |TAMS 0x000000008a700000, 0x000000008a800000| Untracked 
| 168|0x000000008a800000, 0x000000008a900000, 0x000000008a900000|100%| O|  |TAMS 0x000000008a900000, 0x000000008a900000| Untracked 
| 169|0x000000008a900000, 0x000000008aa00000, 0x000000008aa00000|100%| O|  |TAMS 0x000000008aa00000, 0x000000008aa00000| Untracked 
| 170|0x000000008aa00000, 0x000000008ab00000, 0x000000008ab00000|100%| O|  |TAMS 0x000000008aa00000, 0x000000008ab00000| Untracked 
| 171|0x000000008ab00000, 0x000000008ac00000, 0x000000008ac00000|100%| O|  |TAMS 0x000000008ac00000, 0x000000008ac00000| Untracked 
| 172|0x000000008ac00000, 0x000000008ad00000, 0x000000008ad00000|100%| O|  |TAMS 0x000000008ad00000, 0x000000008ad00000| Untracked 
| 173|0x000000008ad00000, 0x000000008ae00000, 0x000000008ae00000|100%| O|  |TAMS 0x000000008ae00000, 0x000000008ae00000| Untracked 
| 174|0x000000008ae00000, 0x000000008af00000, 0x000000008af00000|100%| O|  |TAMS 0x000000008ae00000, 0x000000008af00000| Untracked 
| 175|0x000000008af00000, 0x000000008b000000, 0x000000008b000000|100%| O|  |TAMS 0x000000008af00000, 0x000000008b000000| Untracked 
| 176|0x000000008b000000, 0x000000008b100000, 0x000000008b100000|100%| O|  |TAMS 0x000000008b100000, 0x000000008b100000| Untracked 
| 177|0x000000008b100000, 0x000000008b200000, 0x000000008b200000|100%| O|  |TAMS 0x000000008b100000, 0x000000008b200000| Untracked 
| 178|0x000000008b200000, 0x000000008b300000, 0x000000008b300000|100%| O|  |TAMS 0x000000008b200000, 0x000000008b300000| Untracked 
| 179|0x000000008b300000, 0x000000008b400000, 0x000000008b400000|100%| O|  |TAMS 0x000000008b400000, 0x000000008b400000| Untracked 
| 180|0x000000008b400000, 0x000000008b500000, 0x000000008b500000|100%| O|  |TAMS 0x000000008b500000, 0x000000008b500000| Untracked 
| 181|0x000000008b500000, 0x000000008b600000, 0x000000008b600000|100%| O|  |TAMS 0x000000008b500000, 0x000000008b600000| Untracked 
| 182|0x000000008b600000, 0x000000008b680000, 0x000000008b700000| 50%| O|  |TAMS 0x000000008b600000, 0x000000008b680000| Untracked 
| 183|0x000000008b700000, 0x000000008b700000, 0x000000008b800000|  0%| F|  |TAMS 0x000000008b700000, 0x000000008b700000| Untracked 
| 184|0x000000008b800000, 0x000000008b900000, 0x000000008b900000|100%| O|  |TAMS 0x000000008b900000, 0x000000008b900000| Untracked 
| 185|0x000000008b900000, 0x000000008b900000, 0x000000008ba00000|  0%| F|  |TAMS 0x000000008b900000, 0x000000008b900000| Untracked 
| 186|0x000000008ba00000, 0x000000008bb00000, 0x000000008bb00000|100%| O|  |TAMS 0x000000008bb00000, 0x000000008bb00000| Untracked 
| 187|0x000000008bb00000, 0x000000008bc00000, 0x000000008bc00000|100%| O|  |TAMS 0x000000008bc00000, 0x000000008bc00000| Untracked 
| 188|0x000000008bc00000, 0x000000008bc00000, 0x000000008bd00000|  0%| F|  |TAMS 0x000000008bc00000, 0x000000008bc00000| Untracked 
| 189|0x000000008bd00000, 0x000000008bd00000, 0x000000008be00000|  0%| F|  |TAMS 0x000000008bd00000, 0x000000008bd00000| Untracked 
| 190|0x000000008be00000, 0x000000008bf00000, 0x000000008bf00000|100%| O|  |TAMS 0x000000008bf00000, 0x000000008bf00000| Untracked 
| 191|0x000000008bf00000, 0x000000008bf00000, 0x000000008c000000|  0%| F|  |TAMS 0x000000008bf00000, 0x000000008bf00000| Untracked 
| 192|0x000000008c000000, 0x000000008c100000, 0x000000008c100000|100%| O|  |TAMS 0x000000008c100000, 0x000000008c100000| Untracked 
| 193|0x000000008c100000, 0x000000008c100000, 0x000000008c200000|  0%| F|  |TAMS 0x000000008c100000, 0x000000008c100000| Untracked 
| 194|0x000000008c200000, 0x000000008c200000, 0x000000008c300000|  0%| F|  |TAMS 0x000000008c200000, 0x000000008c200000| Untracked 
| 195|0x000000008c300000, 0x000000008c300000, 0x000000008c400000|  0%| F|  |TAMS 0x000000008c300000, 0x000000008c300000| Untracked 
| 196|0x000000008c400000, 0x000000008c500000, 0x000000008c500000|100%| O|  |TAMS 0x000000008c500000, 0x000000008c500000| Untracked 
| 197|0x000000008c500000, 0x000000008c500000, 0x000000008c600000|  0%| F|  |TAMS 0x000000008c500000, 0x000000008c500000| Untracked 
| 198|0x000000008c600000, 0x000000008c700000, 0x000000008c700000|100%| O|  |TAMS 0x000000008c700000, 0x000000008c700000| Untracked 
| 199|0x000000008c700000, 0x000000008c700000, 0x000000008c800000|  0%| F|  |TAMS 0x000000008c700000, 0x000000008c700000| Untracked 
| 200|0x000000008c800000, 0x000000008c900000, 0x000000008c900000|100%| O|  |TAMS 0x000000008c900000, 0x000000008c900000| Untracked 
| 201|0x000000008c900000, 0x000000008c900000, 0x000000008ca00000|  0%| F|  |TAMS 0x000000008c900000, 0x000000008c900000| Untracked 
| 202|0x000000008ca00000, 0x000000008cb00000, 0x000000008cb00000|100%| O|  |TAMS 0x000000008cb00000, 0x000000008cb00000| Untracked 
| 203|0x000000008cb00000, 0x000000008cc00000, 0x000000008cc00000|100%| O|  |TAMS 0x000000008cc00000, 0x000000008cc00000| Untracked 
| 204|0x000000008cc00000, 0x000000008cd00000, 0x000000008cd00000|100%| O|  |TAMS 0x000000008cd00000, 0x000000008cd00000| Untracked 
| 205|0x000000008cd00000, 0x000000008ce00000, 0x000000008ce00000|100%| O|  |TAMS 0x000000008ce00000, 0x000000008ce00000| Untracked 
| 206|0x000000008ce00000, 0x000000008ce00000, 0x000000008cf00000|  0%| F|  |TAMS 0x000000008ce00000, 0x000000008ce00000| Untracked 
| 207|0x000000008cf00000, 0x000000008d000000, 0x000000008d000000|100%| O|  |TAMS 0x000000008d000000, 0x000000008d000000| Untracked 
| 208|0x000000008d000000, 0x000000008d000000, 0x000000008d100000|  0%| F|  |TAMS 0x000000008d000000, 0x000000008d000000| Untracked 
| 209|0x000000008d100000, 0x000000008d100000, 0x000000008d200000|  0%| F|  |TAMS 0x000000008d100000, 0x000000008d100000| Untracked 
| 210|0x000000008d200000, 0x000000008d200000, 0x000000008d300000|  0%| F|  |TAMS 0x000000008d200000, 0x000000008d200000| Untracked 
| 211|0x000000008d300000, 0x000000008d300000, 0x000000008d400000|  0%| F|  |TAMS 0x000000008d300000, 0x000000008d300000| Untracked 
| 212|0x000000008d400000, 0x000000008d500000, 0x000000008d500000|100%| O|  |TAMS 0x000000008d500000, 0x000000008d500000| Untracked 
| 213|0x000000008d500000, 0x000000008d600000, 0x000000008d600000|100%| O|  |TAMS 0x000000008d600000, 0x000000008d600000| Untracked 
| 214|0x000000008d600000, 0x000000008d700000, 0x000000008d700000|100%| O|  |TAMS 0x000000008d700000, 0x000000008d700000| Untracked 
| 215|0x000000008d700000, 0x000000008d700000, 0x000000008d800000|  0%| F|  |TAMS 0x000000008d700000, 0x000000008d700000| Untracked 
| 216|0x000000008d800000, 0x000000008d800000, 0x000000008d900000|  0%| F|  |TAMS 0x000000008d800000, 0x000000008d800000| Untracked 
| 217|0x000000008d900000, 0x000000008d900000, 0x000000008da00000|  0%| F|  |TAMS 0x000000008d900000, 0x000000008d900000| Untracked 
| 218|0x000000008da00000, 0x000000008da00000, 0x000000008db00000|  0%| F|  |TAMS 0x000000008da00000, 0x000000008da00000| Untracked 
| 219|0x000000008db00000, 0x000000008db00000, 0x000000008dc00000|  0%| F|  |TAMS 0x000000008db00000, 0x000000008db00000| Untracked 
| 220|0x000000008dc00000, 0x000000008dd00000, 0x000000008dd00000|100%| O|  |TAMS 0x000000008dd00000, 0x000000008dd00000| Untracked 
| 221|0x000000008dd00000, 0x000000008dd00000, 0x000000008de00000|  0%| F|  |TAMS 0x000000008dd00000, 0x000000008dd00000| Untracked 
| 222|0x000000008de00000, 0x000000008de00000, 0x000000008df00000|  0%| F|  |TAMS 0x000000008de00000, 0x000000008de00000| Untracked 
| 223|0x000000008df00000, 0x000000008df00000, 0x000000008e000000|  0%| F|  |TAMS 0x000000008df00000, 0x000000008df00000| Untracked 
| 224|0x000000008e000000, 0x000000008e000000, 0x000000008e100000|  0%| F|  |TAMS 0x000000008e000000, 0x000000008e000000| Untracked 
| 225|0x000000008e100000, 0x000000008e100000, 0x000000008e200000|  0%| F|  |TAMS 0x000000008e100000, 0x000000008e100000| Untracked 
| 226|0x000000008e200000, 0x000000008e200000, 0x000000008e300000|  0%| F|  |TAMS 0x000000008e200000, 0x000000008e200000| Untracked 
| 227|0x000000008e300000, 0x000000008e300000, 0x000000008e400000|  0%| F|  |TAMS 0x000000008e300000, 0x000000008e300000| Untracked 
| 228|0x000000008e400000, 0x000000008e400000, 0x000000008e500000|  0%| F|  |TAMS 0x000000008e400000, 0x000000008e400000| Untracked 
| 229|0x000000008e500000, 0x000000008e500000, 0x000000008e600000|  0%| F|  |TAMS 0x000000008e500000, 0x000000008e500000| Untracked 
| 230|0x000000008e600000, 0x000000008e600000, 0x000000008e700000|  0%| F|  |TAMS 0x000000008e600000, 0x000000008e600000| Untracked 
| 231|0x000000008e700000, 0x000000008e700000, 0x000000008e800000|  0%| F|  |TAMS 0x000000008e700000, 0x000000008e700000| Untracked 
| 232|0x000000008e800000, 0x000000008e800000, 0x000000008e900000|  0%| F|  |TAMS 0x000000008e800000, 0x000000008e800000| Untracked 
| 233|0x000000008e900000, 0x000000008e900000, 0x000000008ea00000|  0%| F|  |TAMS 0x000000008e900000, 0x000000008e900000| Untracked 
| 234|0x000000008ea00000, 0x000000008ea00000, 0x000000008eb00000|  0%| F|  |TAMS 0x000000008ea00000, 0x000000008ea00000| Untracked 
| 235|0x000000008eb00000, 0x000000008eb00000, 0x000000008ec00000|  0%| F|  |TAMS 0x000000008eb00000, 0x000000008eb00000| Untracked 
| 236|0x000000008ec00000, 0x000000008ec00000, 0x000000008ed00000|  0%| F|  |TAMS 0x000000008ec00000, 0x000000008ec00000| Untracked 
| 237|0x000000008ed00000, 0x000000008ed00000, 0x000000008ee00000|  0%| F|  |TAMS 0x000000008ed00000, 0x000000008ed00000| Untracked 
| 238|0x000000008ee00000, 0x000000008ef00000, 0x000000008ef00000|100%| O|  |TAMS 0x000000008ef00000, 0x000000008ef00000| Untracked 
| 239|0x000000008ef00000, 0x000000008f000000, 0x000000008f000000|100%| O|  |TAMS 0x000000008f000000, 0x000000008f000000| Untracked 
| 240|0x000000008f000000, 0x000000008f100000, 0x000000008f100000|100%| O|  |TAMS 0x000000008f100000, 0x000000008f100000| Untracked 
| 241|0x000000008f100000, 0x000000008f200000, 0x000000008f200000|100%| O|  |TAMS 0x000000008f200000, 0x000000008f200000| Untracked 
| 242|0x000000008f200000, 0x000000008f300000, 0x000000008f300000|100%| O|  |TAMS 0x000000008f300000, 0x000000008f300000| Untracked 
| 243|0x000000008f300000, 0x000000008f400000, 0x000000008f400000|100%| O|  |TAMS 0x000000008f400000, 0x000000008f400000| Untracked 
| 244|0x000000008f400000, 0x000000008f500000, 0x000000008f500000|100%| O|  |TAMS 0x000000008f500000, 0x000000008f500000| Untracked 
| 245|0x000000008f500000, 0x000000008f600000, 0x000000008f600000|100%| O|  |TAMS 0x000000008f600000, 0x000000008f600000| Untracked 
| 246|0x000000008f600000, 0x000000008f600000, 0x000000008f700000|  0%| F|  |TAMS 0x000000008f600000, 0x000000008f600000| Untracked 
| 247|0x000000008f700000, 0x000000008f700000, 0x000000008f800000|  0%| F|  |TAMS 0x000000008f700000, 0x000000008f700000| Untracked 
| 248|0x000000008f800000, 0x000000008f800000, 0x000000008f900000|  0%| F|  |TAMS 0x000000008f800000, 0x000000008f800000| Untracked 
| 249|0x000000008f900000, 0x000000008f900000, 0x000000008fa00000|  0%| F|  |TAMS 0x000000008f900000, 0x000000008f900000| Untracked 
| 250|0x000000008fa00000, 0x000000008fa00000, 0x000000008fb00000|  0%| F|  |TAMS 0x000000008fa00000, 0x000000008fa00000| Untracked 
| 251|0x000000008fb00000, 0x000000008fb00000, 0x000000008fc00000|  0%| F|  |TAMS 0x000000008fb00000, 0x000000008fb00000| Untracked 
| 252|0x000000008fc00000, 0x000000008fc00000, 0x000000008fd00000|  0%| F|  |TAMS 0x000000008fc00000, 0x000000008fc00000| Untracked 
| 253|0x000000008fd00000, 0x000000008fd00000, 0x000000008fe00000|  0%| F|  |TAMS 0x000000008fd00000, 0x000000008fd00000| Untracked 
| 254|0x000000008fe00000, 0x000000008fe00000, 0x000000008ff00000|  0%| F|  |TAMS 0x000000008fe00000, 0x000000008fe00000| Untracked 
| 255|0x000000008ff00000, 0x000000008ff00000, 0x0000000090000000|  0%| F|  |TAMS 0x000000008ff00000, 0x000000008ff00000| Untracked 
| 256|0x0000000090000000, 0x0000000090000000, 0x0000000090100000|  0%| F|  |TAMS 0x0000000090000000, 0x0000000090000000| Untracked 
| 257|0x0000000090100000, 0x0000000090100000, 0x0000000090200000|  0%| F|  |TAMS 0x0000000090100000, 0x0000000090100000| Untracked 
| 258|0x0000000090200000, 0x00000000902fdcc8, 0x0000000090300000| 99%| S|CS|TAMS 0x0000000090200000, 0x0000000090200000| Complete 
| 259|0x0000000090300000, 0x0000000090400000, 0x0000000090400000|100%| S|CS|TAMS 0x0000000090300000, 0x0000000090300000| Complete 
| 260|0x0000000090400000, 0x0000000090500000, 0x0000000090500000|100%| S|CS|TAMS 0x0000000090400000, 0x0000000090400000| Complete 
| 261|0x0000000090500000, 0x0000000090600000, 0x0000000090600000|100%| S|CS|TAMS 0x0000000090500000, 0x0000000090500000| Complete 
| 262|0x0000000090600000, 0x0000000090600000, 0x0000000090700000|  0%| F|  |TAMS 0x0000000090600000, 0x0000000090600000| Untracked 
| 263|0x0000000090700000, 0x0000000090700000, 0x0000000090800000|  0%| F|  |TAMS 0x0000000090700000, 0x0000000090700000| Untracked 
| 264|0x0000000090800000, 0x0000000090800000, 0x0000000090900000|  0%| F|  |TAMS 0x0000000090800000, 0x0000000090800000| Untracked 
| 265|0x0000000090900000, 0x0000000090900000, 0x0000000090a00000|  0%| F|  |TAMS 0x0000000090900000, 0x0000000090900000| Untracked 
| 266|0x0000000090a00000, 0x0000000090a00000, 0x0000000090b00000|  0%| F|  |TAMS 0x0000000090a00000, 0x0000000090a00000| Untracked 
| 267|0x0000000090b00000, 0x0000000090b00000, 0x0000000090c00000|  0%| F|  |TAMS 0x0000000090b00000, 0x0000000090b00000| Untracked 
| 268|0x0000000090c00000, 0x0000000090c00000, 0x0000000090d00000|  0%| F|  |TAMS 0x0000000090c00000, 0x0000000090c00000| Untracked 
| 269|0x0000000090d00000, 0x0000000090d00000, 0x0000000090e00000|  0%| F|  |TAMS 0x0000000090d00000, 0x0000000090d00000| Untracked 
| 270|0x0000000090e00000, 0x0000000090e00000, 0x0000000090f00000|  0%| F|  |TAMS 0x0000000090e00000, 0x0000000090e00000| Untracked 
| 271|0x0000000090f00000, 0x0000000090f00000, 0x0000000091000000|  0%| F|  |TAMS 0x0000000090f00000, 0x0000000090f00000| Untracked 
| 272|0x0000000091000000, 0x0000000091000000, 0x0000000091100000|  0%| F|  |TAMS 0x0000000091000000, 0x0000000091000000| Untracked 
| 273|0x0000000091100000, 0x0000000091100000, 0x0000000091200000|  0%| F|  |TAMS 0x0000000091100000, 0x0000000091100000| Untracked 
| 274|0x0000000091200000, 0x0000000091200000, 0x0000000091300000|  0%| F|  |TAMS 0x0000000091200000, 0x0000000091200000| Untracked 
| 275|0x0000000091300000, 0x0000000091300000, 0x0000000091400000|  0%| F|  |TAMS 0x0000000091300000, 0x0000000091300000| Untracked 
| 276|0x0000000091400000, 0x0000000091400000, 0x0000000091500000|  0%| F|  |TAMS 0x0000000091400000, 0x0000000091400000| Untracked 
| 277|0x0000000091500000, 0x0000000091500000, 0x0000000091600000|  0%| F|  |TAMS 0x0000000091500000, 0x0000000091500000| Untracked 
| 278|0x0000000091600000, 0x0000000091600000, 0x0000000091700000|  0%| F|  |TAMS 0x0000000091600000, 0x0000000091600000| Untracked 
| 279|0x0000000091700000, 0x0000000091700000, 0x0000000091800000|  0%| F|  |TAMS 0x0000000091700000, 0x0000000091700000| Untracked 
| 280|0x0000000091800000, 0x0000000091800000, 0x0000000091900000|  0%| F|  |TAMS 0x0000000091800000, 0x0000000091800000| Untracked 
| 281|0x0000000091900000, 0x0000000091900000, 0x0000000091a00000|  0%| F|  |TAMS 0x0000000091900000, 0x0000000091900000| Untracked 
| 282|0x0000000091a00000, 0x0000000091a00000, 0x0000000091b00000|  0%| F|  |TAMS 0x0000000091a00000, 0x0000000091a00000| Untracked 
| 283|0x0000000091b00000, 0x0000000091b00000, 0x0000000091c00000|  0%| F|  |TAMS 0x0000000091b00000, 0x0000000091b00000| Untracked 
| 284|0x0000000091c00000, 0x0000000091c00000, 0x0000000091d00000|  0%| F|  |TAMS 0x0000000091c00000, 0x0000000091c00000| Untracked 
| 285|0x0000000091d00000, 0x0000000091d00000, 0x0000000091e00000|  0%| F|  |TAMS 0x0000000091d00000, 0x0000000091d00000| Untracked 
| 286|0x0000000091e00000, 0x0000000091e00000, 0x0000000091f00000|  0%| F|  |TAMS 0x0000000091e00000, 0x0000000091e00000| Untracked 
| 287|0x0000000091f00000, 0x0000000091f00000, 0x0000000092000000|  0%| F|  |TAMS 0x0000000091f00000, 0x0000000091f00000| Untracked 
| 288|0x0000000092000000, 0x0000000092000000, 0x0000000092100000|  0%| F|  |TAMS 0x0000000092000000, 0x0000000092000000| Untracked 
| 289|0x0000000092100000, 0x0000000092100000, 0x0000000092200000|  0%| F|  |TAMS 0x0000000092100000, 0x0000000092100000| Untracked 
| 290|0x0000000092200000, 0x0000000092200000, 0x0000000092300000|  0%| F|  |TAMS 0x0000000092200000, 0x0000000092200000| Untracked 
| 291|0x0000000092300000, 0x0000000092300000, 0x0000000092400000|  0%| F|  |TAMS 0x0000000092300000, 0x0000000092300000| Untracked 
| 292|0x0000000092400000, 0x0000000092400000, 0x0000000092500000|  0%| F|  |TAMS 0x0000000092400000, 0x0000000092400000| Untracked 
| 293|0x0000000092500000, 0x0000000092500000, 0x0000000092600000|  0%| F|  |TAMS 0x0000000092500000, 0x0000000092500000| Untracked 
| 294|0x0000000092600000, 0x0000000092600000, 0x0000000092700000|  0%| F|  |TAMS 0x0000000092600000, 0x0000000092600000| Untracked 
| 295|0x0000000092700000, 0x0000000092700000, 0x0000000092800000|  0%| F|  |TAMS 0x0000000092700000, 0x0000000092700000| Untracked 
| 296|0x0000000092800000, 0x0000000092800000, 0x0000000092900000|  0%| F|  |TAMS 0x0000000092800000, 0x0000000092800000| Untracked 
| 297|0x0000000092900000, 0x0000000092900000, 0x0000000092a00000|  0%| F|  |TAMS 0x0000000092900000, 0x0000000092900000| Untracked 
| 298|0x0000000092a00000, 0x0000000092a00000, 0x0000000092b00000|  0%| F|  |TAMS 0x0000000092a00000, 0x0000000092a00000| Untracked 
| 299|0x0000000092b00000, 0x0000000092b00000, 0x0000000092c00000|  0%| F|  |TAMS 0x0000000092b00000, 0x0000000092b00000| Untracked 
| 300|0x0000000092c00000, 0x0000000092c00000, 0x0000000092d00000|  0%| F|  |TAMS 0x0000000092c00000, 0x0000000092c00000| Untracked 
| 301|0x0000000092d00000, 0x0000000092d00000, 0x0000000092e00000|  0%| F|  |TAMS 0x0000000092d00000, 0x0000000092d00000| Untracked 
| 302|0x0000000092e00000, 0x0000000092e00000, 0x0000000092f00000|  0%| F|  |TAMS 0x0000000092e00000, 0x0000000092e00000| Untracked 
| 303|0x0000000092f00000, 0x0000000092f00000, 0x0000000093000000|  0%| F|  |TAMS 0x0000000092f00000, 0x0000000092f00000| Untracked 
| 304|0x0000000093000000, 0x0000000093000000, 0x0000000093100000|  0%| F|  |TAMS 0x0000000093000000, 0x0000000093000000| Untracked 
| 305|0x0000000093100000, 0x0000000093100000, 0x0000000093200000|  0%| F|  |TAMS 0x0000000093100000, 0x0000000093100000| Untracked 
| 306|0x0000000093200000, 0x0000000093200000, 0x0000000093300000|  0%| F|  |TAMS 0x0000000093200000, 0x0000000093200000| Untracked 
| 307|0x0000000093300000, 0x0000000093300000, 0x0000000093400000|  0%| F|  |TAMS 0x0000000093300000, 0x0000000093300000| Untracked 
| 308|0x0000000093400000, 0x0000000093400000, 0x0000000093500000|  0%| F|  |TAMS 0x0000000093400000, 0x0000000093400000| Untracked 
| 309|0x0000000093500000, 0x0000000093500000, 0x0000000093600000|  0%| F|  |TAMS 0x0000000093500000, 0x0000000093500000| Untracked 
| 310|0x0000000093600000, 0x0000000093600000, 0x0000000093700000|  0%| F|  |TAMS 0x0000000093600000, 0x0000000093600000| Untracked 
| 311|0x0000000093700000, 0x0000000093700000, 0x0000000093800000|  0%| F|  |TAMS 0x0000000093700000, 0x0000000093700000| Untracked 
| 312|0x0000000093800000, 0x0000000093800000, 0x0000000093900000|  0%| F|  |TAMS 0x0000000093800000, 0x0000000093800000| Untracked 
| 313|0x0000000093900000, 0x0000000093900000, 0x0000000093a00000|  0%| F|  |TAMS 0x0000000093900000, 0x0000000093900000| Untracked 
| 314|0x0000000093a00000, 0x0000000093a00000, 0x0000000093b00000|  0%| F|  |TAMS 0x0000000093a00000, 0x0000000093a00000| Untracked 
| 315|0x0000000093b00000, 0x0000000093b00000, 0x0000000093c00000|  0%| F|  |TAMS 0x0000000093b00000, 0x0000000093b00000| Untracked 
| 316|0x0000000093c00000, 0x0000000093c00000, 0x0000000093d00000|  0%| F|  |TAMS 0x0000000093c00000, 0x0000000093c00000| Untracked 
| 317|0x0000000093d00000, 0x0000000093d00000, 0x0000000093e00000|  0%| F|  |TAMS 0x0000000093d00000, 0x0000000093d00000| Untracked 
| 318|0x0000000093e00000, 0x0000000093e00000, 0x0000000093f00000|  0%| F|  |TAMS 0x0000000093e00000, 0x0000000093e00000| Untracked 
| 319|0x0000000093f00000, 0x0000000093f00000, 0x0000000094000000|  0%| F|  |TAMS 0x0000000093f00000, 0x0000000093f00000| Untracked 
| 320|0x0000000094000000, 0x0000000094000000, 0x0000000094100000|  0%| F|  |TAMS 0x0000000094000000, 0x0000000094000000| Untracked 
| 321|0x0000000094100000, 0x0000000094100000, 0x0000000094200000|  0%| F|  |TAMS 0x0000000094100000, 0x0000000094100000| Untracked 
| 322|0x0000000094200000, 0x0000000094200000, 0x0000000094300000|  0%| F|  |TAMS 0x0000000094200000, 0x0000000094200000| Untracked 
| 323|0x0000000094300000, 0x0000000094300000, 0x0000000094400000|  0%| F|  |TAMS 0x0000000094300000, 0x0000000094300000| Untracked 
| 324|0x0000000094400000, 0x0000000094400000, 0x0000000094500000|  0%| F|  |TAMS 0x0000000094400000, 0x0000000094400000| Untracked 
| 325|0x0000000094500000, 0x0000000094500000, 0x0000000094600000|  0%| F|  |TAMS 0x0000000094500000, 0x0000000094500000| Untracked 
| 326|0x0000000094600000, 0x0000000094600000, 0x0000000094700000|  0%| F|  |TAMS 0x0000000094600000, 0x0000000094600000| Untracked 
| 327|0x0000000094700000, 0x0000000094700000, 0x0000000094800000|  0%| F|  |TAMS 0x0000000094700000, 0x0000000094700000| Untracked 
| 328|0x0000000094800000, 0x0000000094800000, 0x0000000094900000|  0%| F|  |TAMS 0x0000000094800000, 0x0000000094800000| Untracked 
| 329|0x0000000094900000, 0x0000000094900000, 0x0000000094a00000|  0%| F|  |TAMS 0x0000000094900000, 0x0000000094900000| Untracked 
| 330|0x0000000094a00000, 0x0000000094a00000, 0x0000000094b00000|  0%| F|  |TAMS 0x0000000094a00000, 0x0000000094a00000| Untracked 
| 331|0x0000000094b00000, 0x0000000094b00000, 0x0000000094c00000|  0%| F|  |TAMS 0x0000000094b00000, 0x0000000094b00000| Untracked 
| 332|0x0000000094c00000, 0x0000000094c00000, 0x0000000094d00000|  0%| F|  |TAMS 0x0000000094c00000, 0x0000000094c00000| Untracked 
| 333|0x0000000094d00000, 0x0000000094d00000, 0x0000000094e00000|  0%| F|  |TAMS 0x0000000094d00000, 0x0000000094d00000| Untracked 
| 334|0x0000000094e00000, 0x0000000094e00000, 0x0000000094f00000|  0%| F|  |TAMS 0x0000000094e00000, 0x0000000094e00000| Untracked 
| 335|0x0000000094f00000, 0x0000000094f00000, 0x0000000095000000|  0%| F|  |TAMS 0x0000000094f00000, 0x0000000094f00000| Untracked 
| 336|0x0000000095000000, 0x0000000095000000, 0x0000000095100000|  0%| F|  |TAMS 0x0000000095000000, 0x0000000095000000| Untracked 
| 337|0x0000000095100000, 0x0000000095100000, 0x0000000095200000|  0%| F|  |TAMS 0x0000000095100000, 0x0000000095100000| Untracked 
| 338|0x0000000095200000, 0x0000000095200000, 0x0000000095300000|  0%| F|  |TAMS 0x0000000095200000, 0x0000000095200000| Untracked 
| 339|0x0000000095300000, 0x0000000095300000, 0x0000000095400000|  0%| F|  |TAMS 0x0000000095300000, 0x0000000095300000| Untracked 
| 340|0x0000000095400000, 0x0000000095400000, 0x0000000095500000|  0%| F|  |TAMS 0x0000000095400000, 0x0000000095400000| Untracked 
| 341|0x0000000095500000, 0x0000000095500000, 0x0000000095600000|  0%| F|  |TAMS 0x0000000095500000, 0x0000000095500000| Untracked 
| 342|0x0000000095600000, 0x0000000095600000, 0x0000000095700000|  0%| F|  |TAMS 0x0000000095600000, 0x0000000095600000| Untracked 
| 343|0x0000000095700000, 0x0000000095700000, 0x0000000095800000|  0%| F|  |TAMS 0x0000000095700000, 0x0000000095700000| Untracked 
| 344|0x0000000095800000, 0x0000000095800000, 0x0000000095900000|  0%| F|  |TAMS 0x0000000095800000, 0x0000000095800000| Untracked 
| 345|0x0000000095900000, 0x0000000095900000, 0x0000000095a00000|  0%| F|  |TAMS 0x0000000095900000, 0x0000000095900000| Untracked 
| 346|0x0000000095a00000, 0x0000000095a00000, 0x0000000095b00000|  0%| F|  |TAMS 0x0000000095a00000, 0x0000000095a00000| Untracked 
| 347|0x0000000095b00000, 0x0000000095b00000, 0x0000000095c00000|  0%| F|  |TAMS 0x0000000095b00000, 0x0000000095b00000| Untracked 
| 348|0x0000000095c00000, 0x0000000095c00000, 0x0000000095d00000|  0%| F|  |TAMS 0x0000000095c00000, 0x0000000095c00000| Untracked 
| 349|0x0000000095d00000, 0x0000000095d00000, 0x0000000095e00000|  0%| F|  |TAMS 0x0000000095d00000, 0x0000000095d00000| Untracked 
| 350|0x0000000095e00000, 0x0000000095e00000, 0x0000000095f00000|  0%| F|  |TAMS 0x0000000095e00000, 0x0000000095e00000| Untracked 
| 351|0x0000000095f00000, 0x0000000095f00000, 0x0000000096000000|  0%| F|  |TAMS 0x0000000095f00000, 0x0000000095f00000| Untracked 
| 352|0x0000000096000000, 0x0000000096000000, 0x0000000096100000|  0%| F|  |TAMS 0x0000000096000000, 0x0000000096000000| Untracked 
| 353|0x0000000096100000, 0x0000000096100000, 0x0000000096200000|  0%| F|  |TAMS 0x0000000096100000, 0x0000000096100000| Untracked 
| 354|0x0000000096200000, 0x0000000096200000, 0x0000000096300000|  0%| F|  |TAMS 0x0000000096200000, 0x0000000096200000| Untracked 
| 355|0x0000000096300000, 0x0000000096300000, 0x0000000096400000|  0%| F|  |TAMS 0x0000000096300000, 0x0000000096300000| Untracked 
| 356|0x0000000096400000, 0x0000000096400000, 0x0000000096500000|  0%| F|  |TAMS 0x0000000096400000, 0x0000000096400000| Untracked 
| 357|0x0000000096500000, 0x0000000096500000, 0x0000000096600000|  0%| F|  |TAMS 0x0000000096500000, 0x0000000096500000| Untracked 
| 358|0x0000000096600000, 0x0000000096600000, 0x0000000096700000|  0%| F|  |TAMS 0x0000000096600000, 0x0000000096600000| Untracked 
| 359|0x0000000096700000, 0x0000000096700000, 0x0000000096800000|  0%| F|  |TAMS 0x0000000096700000, 0x0000000096700000| Untracked 
| 360|0x0000000096800000, 0x0000000096800000, 0x0000000096900000|  0%| F|  |TAMS 0x0000000096800000, 0x0000000096800000| Untracked 
| 361|0x0000000096900000, 0x0000000096a00000, 0x0000000096a00000|100%| E|  |TAMS 0x0000000096900000, 0x0000000096900000| Complete 
| 362|0x0000000096a00000, 0x0000000096b00000, 0x0000000096b00000|100%| E|CS|TAMS 0x0000000096a00000, 0x0000000096a00000| Complete 
| 363|0x0000000096b00000, 0x0000000096c00000, 0x0000000096c00000|100%| E|CS|TAMS 0x0000000096b00000, 0x0000000096b00000| Complete 
| 364|0x0000000096c00000, 0x0000000096d00000, 0x0000000096d00000|100%| E|CS|TAMS 0x0000000096c00000, 0x0000000096c00000| Complete 
| 365|0x0000000096d00000, 0x0000000096e00000, 0x0000000096e00000|100%| E|CS|TAMS 0x0000000096d00000, 0x0000000096d00000| Complete 
| 366|0x0000000096e00000, 0x0000000096f00000, 0x0000000096f00000|100%| E|CS|TAMS 0x0000000096e00000, 0x0000000096e00000| Complete 
| 367|0x0000000096f00000, 0x0000000097000000, 0x0000000097000000|100%| E|CS|TAMS 0x0000000096f00000, 0x0000000096f00000| Complete 
| 368|0x0000000097000000, 0x0000000097100000, 0x0000000097100000|100%| E|CS|TAMS 0x0000000097000000, 0x0000000097000000| Complete 
| 369|0x0000000097100000, 0x0000000097200000, 0x0000000097200000|100%| E|CS|TAMS 0x0000000097100000, 0x0000000097100000| Complete 
| 370|0x0000000097200000, 0x0000000097300000, 0x0000000097300000|100%| E|CS|TAMS 0x0000000097200000, 0x0000000097200000| Complete 

Card table byte_map: [0x000001733a480000,0x000001733a880000] _byte_map_base: 0x000001733a080000

Marking Bits (Prev, Next): (CMBitMap*) 0x00000173279bee18, (CMBitMap*) 0x00000173279bee50
 Prev Bits: [0x000001733ac80000, 0x000001733cc80000)
 Next Bits: [0x000001733cc80000, 0x000001733ec80000)

Polling page: 0x0000017325880000

Metaspace:

Usage:
  Non-class:    189.22 MB capacity,   186.03 MB ( 98%) used,     2.54 MB (  1%) free+waste,   663.13 KB ( <1%) overhead. 
      Class:     29.29 MB capacity,    27.38 MB ( 93%) used,     1.62 MB (  6%) free+waste,   292.13 KB ( <1%) overhead. 
       Both:    218.51 MB capacity,   213.42 MB ( 98%) used,     4.16 MB (  2%) free+waste,   955.25 KB ( <1%) overhead. 

Virtual space:
  Non-class space:      190.00 MB reserved,     189.32 MB (>99%) committed 
      Class space:        1.00 GB reserved,      29.32 MB (  3%) committed 
             Both:        1.19 GB reserved,     218.64 MB ( 18%) committed 

Chunk freelists:
   Non-Class:  36.00 KB
       Class:  24.00 KB
        Both:  60.00 KB

MaxMetaspaceSize: 17179869184.00 GB
CompressedClassSpaceSize: 1.00 GB

CodeHeap 'non-profiled nmethods': size=120064Kb used=21391Kb max_used=21391Kb free=98672Kb
 bounds [0x0000017332f40000, 0x0000017334430000, 0x000001733a480000]
CodeHeap 'profiled nmethods': size=120000Kb used=62646Kb max_used=62646Kb free=57353Kb
 bounds [0x000001732ba10000, 0x000001732f7d0000, 0x0000017332f40000]
CodeHeap 'non-nmethods': size=5696Kb used=2433Kb max_used=2507Kb free=3262Kb
 bounds [0x000001732b480000, 0x000001732b700000, 0x000001732ba10000]
 total_blobs=28055 nmethods=26963 adapters=1003
 compilation: enabled
              stopped_count=0, restarted_count=0
 full_count=0

Compilation events (20 events):
Event: 3068.062 Thread 0x00000173410bd800 31152       1       com.android.tools.r8.BaseCommand$Builder::a (5 bytes)
Event: 3068.063 Thread 0x00000173410bd800 nmethod 31152 0x0000017334403010 code [0x00000173344031c0, 0x0000017334403278]
Event: 3068.064 Thread 0x00000173410bd800 31153       1       com.android.tools.r8.BaseCommand$Builder::b (5 bytes)
Event: 3068.064 Thread 0x00000173410bd800 nmethod 31153 0x0000017334403310 code [0x00000173344034c0, 0x0000017334403578]
Event: 3068.716 Thread 0x00000173410bd800 31155 %     3       com.android.tools.r8.internal.uj1::g @ 74 (323 bytes)
Event: 3068.718 Thread 0x00000173410bd800 nmethod 31155% 0x000001732d958390 code [0x000001732d958660, 0x000001732d959778]
Event: 3068.796 Thread 0x00000173410bd800 31157       2       com.android.tools.r8.ir.regalloc.c::a (12 bytes)
Event: 3068.796 Thread 0x00000173410bd800 nmethod 31157 0x000001732d958010 code [0x000001732d9581c0, 0x000001732d9582f8]
Event: 3068.973 Thread 0x00000173410bd800 31158       2       com.android.tools.r8.dex.y::a (98 bytes)
Event: 3068.976 Thread 0x00000173410bd800 nmethod 31158 0x000001732d957510 code [0x000001732d957740, 0x000001732d957ba8]
Event: 3070.013 Thread 0x00000173410bb800 nmethod 31130% 0x0000017334403610 code [0x0000017334404a20, 0x0000017334410010]
Event: 3070.014 Thread 0x00000173410bb800 31159       4       com.android.tools.r8.internal.IV0::equals (19 bytes)
Event: 3070.022 Thread 0x00000173410bb800 nmethod 31159 0x000001733441a890 code [0x000001733441aa40, 0x000001733441ab78]
Event: 3070.022 Thread 0x00000173410bb800 31056       4       com.android.tools.r8.internal.IS0::forEach (37 bytes)
Event: 3070.024 Thread 0x00000173410bb800 nmethod 31056 0x000001733441ac90 code [0x000001733441ae40, 0x000001733441af38]
Event: 3070.025 Thread 0x00000173410bb800 31053       4       com.android.tools.r8.internal.BL0::a (924 bytes)
Event: 3070.878 Thread 0x00000173410bb800 nmethod 31053 0x000001733441b090 code [0x000001733441b7a0, 0x0000017334422238]
Event: 3070.878 Thread 0x00000173410bb800 31160       4       com.android.tools.r8.ir.regalloc.b::c (3939 bytes)
Event: 3071.148 Thread 0x00000173410bd800 31162       2       com.android.tools.r8.internal.aX0::n2 (7 bytes)
Event: 3071.148 Thread 0x00000173410bd800 nmethod 31162 0x000001732d957190 code [0x000001732d957340, 0x000001732d957458]

GC Heap History (20 events):
Event: 3039.725 GC heap before
{Heap before GC invocations=201 (full 0):
 garbage-first heap   total 379904K, used 216810K [0x0000000080000000, 0x0000000100000000)
  region size 1024K, 18 young (18432K), 3 survivors (3072K)
 Metaspace       used 218185K, capacity 223372K, committed 223636K, reserved 1243136K
  class space    used 28027K, capacity 29946K, committed 30028K, reserved 1048576K
}
Event: 3039.784 GC heap after
{Heap after GC invocations=202 (full 0):
 garbage-first heap   total 379904K, used 197091K [0x0000000080000000, 0x0000000100000000)
  region size 1024K, 1 young (1024K), 1 survivors (1024K)
 Metaspace       used 218185K, capacity 223372K, committed 223636K, reserved 1243136K
  class space    used 28027K, capacity 29946K, committed 30028K, reserved 1048576K
}
Event: 3043.891 GC heap before
{Heap before GC invocations=202 (full 0):
 garbage-first heap   total 379904K, used 322019K [0x0000000080000000, 0x0000000100000000)
  region size 1024K, 123 young (125952K), 1 survivors (1024K)
 Metaspace       used 218278K, capacity 223447K, committed 223636K, reserved 1243136K
  class space    used 28031K, capacity 29949K, committed 30028K, reserved 1048576K
}
Event: 3043.916 GC heap after
{Heap after GC invocations=203 (full 0):
 garbage-first heap   total 379904K, used 199164K [0x0000000080000000, 0x0000000100000000)
  region size 1024K, 3 young (3072K), 3 survivors (3072K)
 Metaspace       used 218278K, capacity 223447K, committed 223636K, reserved 1243136K
  class space    used 28031K, capacity 29949K, committed 30028K, reserved 1048576K
}
Event: 3051.962 GC heap before
{Heap before GC invocations=204 (full 0):
 garbage-first heap   total 379904K, used 323068K [0x0000000080000000, 0x0000000100000000)
  region size 1024K, 124 young (126976K), 3 survivors (3072K)
 Metaspace       used 218394K, capacity 223599K, committed 223892K, reserved 1243136K
  class space    used 28034K, capacity 29986K, committed 30028K, reserved 1048576K
}
Event: 3051.985 GC heap after
{Heap after GC invocations=205 (full 0):
 garbage-first heap   total 379904K, used 199707K [0x0000000080000000, 0x0000000100000000)
  region size 1024K, 4 young (4096K), 4 survivors (4096K)
 Metaspace       used 218394K, capacity 223599K, committed 223892K, reserved 1243136K
  class space    used 28034K, capacity 29986K, committed 30028K, reserved 1048576K
}
Event: 3052.240 GC heap before
{Heap before GC invocations=205 (full 0):
 garbage-first heap   total 379904K, used 214043K [0x0000000080000000, 0x0000000100000000)
  region size 1024K, 18 young (18432K), 4 survivors (4096K)
 Metaspace       used 218397K, capacity 223599K, committed 223892K, reserved 1243136K
  class space    used 28034K, capacity 29986K, committed 30028K, reserved 1048576K
}
Event: 3052.263 GC heap after
{Heap after GC invocations=206 (full 0):
 garbage-first heap   total 379904K, used 194560K [0x0000000080000000, 0x0000000100000000)
  region size 1024K, 1 young (1024K), 1 survivors (1024K)
 Metaspace       used 218397K, capacity 223599K, committed 223892K, reserved 1243136K
  class space    used 28034K, capacity 29986K, committed 30028K, reserved 1048576K
}
Event: 3054.349 GC heap before
{Heap before GC invocations=206 (full 0):
 garbage-first heap   total 379904K, used 322560K [0x0000000080000000, 0x0000000100000000)
  region size 1024K, 126 young (129024K), 1 survivors (1024K)
 Metaspace       used 218439K, capacity 223674K, committed 223892K, reserved 1243136K
  class space    used 28036K, capacity 29989K, committed 30028K, reserved 1048576K
}
Event: 3054.368 GC heap after
{Heap after GC invocations=207 (full 0):
 garbage-first heap   total 379904K, used 196437K [0x0000000080000000, 0x0000000100000000)
  region size 1024K, 3 young (3072K), 3 survivors (3072K)
 Metaspace       used 218439K, capacity 223674K, committed 223892K, reserved 1243136K
  class space    used 28036K, capacity 29989K, committed 30028K, reserved 1048576K
}
Event: 3056.904 GC heap before
{Heap before GC invocations=208 (full 0):
 garbage-first heap   total 379904K, used 325461K [0x0000000080000000, 0x0000000100000000)
  region size 1024K, 129 young (132096K), 3 survivors (3072K)
 Metaspace       used 218452K, capacity 223681K, committed 223892K, reserved 1243136K
  class space    used 28038K, capacity 29991K, committed 30028K, reserved 1048576K
}
Event: 3056.926 GC heap after
{Heap after GC invocations=209 (full 0):
 garbage-first heap   total 379904K, used 201373K [0x0000000080000000, 0x0000000100000000)
  region size 1024K, 8 young (8192K), 8 survivors (8192K)
 Metaspace       used 218452K, capacity 223681K, committed 223892K, reserved 1243136K
  class space    used 28038K, capacity 29991K, committed 30028K, reserved 1048576K
}
Event: 3057.048 GC heap before
{Heap before GC invocations=209 (full 0):
 garbage-first heap   total 379904K, used 210589K [0x0000000080000000, 0x0000000100000000)
  region size 1024K, 18 young (18432K), 8 survivors (8192K)
 Metaspace       used 218452K, capacity 223681K, committed 223892K, reserved 1243136K
  class space    used 28038K, capacity 29991K, committed 30028K, reserved 1048576K
}
Event: 3057.075 GC heap after
{Heap after GC invocations=210 (full 0):
 garbage-first heap   total 379904K, used 198170K [0x0000000080000000, 0x0000000100000000)
  region size 1024K, 2 young (2048K), 2 survivors (2048K)
 Metaspace       used 218452K, capacity 223681K, committed 223892K, reserved 1243136K
  class space    used 28038K, capacity 29991K, committed 30028K, reserved 1048576K
}
Event: 3061.304 GC heap before
{Heap before GC invocations=210 (full 0):
 garbage-first heap   total 379904K, used 325146K [0x0000000080000000, 0x0000000100000000)
  region size 1024K, 126 young (129024K), 2 survivors (2048K)
 Metaspace       used 218488K, capacity 223686K, committed 223892K, reserved 1243136K
  class space    used 28038K, capacity 29991K, committed 30028K, reserved 1048576K
}
Event: 3061.488 GC heap after
{Heap after GC invocations=211 (full 0):
 garbage-first heap   total 379904K, used 212165K [0x0000000080000000, 0x0000000100000000)
  region size 1024K, 16 young (16384K), 16 survivors (16384K)
 Metaspace       used 218488K, capacity 223686K, committed 223892K, reserved 1243136K
  class space    used 28038K, capacity 29991K, committed 30028K, reserved 1048576K
}
Event: 3067.610 GC heap before
{Heap before GC invocations=212 (full 0):
 garbage-first heap   total 379904K, used 318661K [0x0000000080000000, 0x0000000100000000)
  region size 1024K, 120 young (122880K), 16 survivors (16384K)
 Metaspace       used 218526K, capacity 223756K, committed 223892K, reserved 1243136K
  class space    used 28039K, capacity 29992K, committed 30028K, reserved 1048576K
}
Event: 3067.685 GC heap after
{Heap after GC invocations=213 (full 0):
 garbage-first heap   total 379904K, used 212388K [0x0000000080000000, 0x0000000100000000)
  region size 1024K, 2 young (2048K), 2 survivors (2048K)
 Metaspace       used 218526K, capacity 223756K, committed 223892K, reserved 1243136K
  class space    used 28039K, capacity 29992K, committed 30028K, reserved 1048576K
}
Event: 3068.341 GC heap before
{Heap before GC invocations=213 (full 0):
 garbage-first heap   total 379904K, used 227748K [0x0000000080000000, 0x0000000100000000)
  region size 1024K, 18 young (18432K), 2 survivors (2048K)
 Metaspace       used 218528K, capacity 223756K, committed 223892K, reserved 1243136K
  class space    used 28039K, capacity 29992K, committed 30028K, reserved 1048576K
}
Event: 3068.378 GC heap after
{Heap after GC invocations=214 (full 0):
 garbage-first heap   total 379904K, used 211222K [0x0000000080000000, 0x0000000100000000)
  region size 1024K, 2 young (2048K), 2 survivors (2048K)
 Metaspace       used 218528K, capacity 223756K, committed 223892K, reserved 1243136K
  class space    used 28039K, capacity 29992K, committed 30028K, reserved 1048576K
}

Deoptimization events (20 events):
Event: 3066.059 Thread 0x000001734c6ea800 DEOPT PACKING pc=0x000001733439939c sp=0x000000510fbf9dc0
Event: 3066.060 Thread 0x000001734c6ea800 DEOPT UNPACKING pc=0x000001732b4a6029 sp=0x000000510fbf9da8 mode 2
Event: 3066.061 Thread 0x000001734c6ea800 Uncommon trap: trap_request=0xffffffbe fr.pc=0x0000017334334240 relative=0x0000000000004f20
Event: 3066.061 Thread 0x000001734c6ea800 Uncommon trap: reason=profile_predicate action=maybe_recompile pc=0x0000017334334240 method=com.android.tools.r8.ir.regalloc.b.a(ILcom/android/tools/r8/internal/Ak1;ZI)I @ 12 c2
Event: 3066.061 Thread 0x000001734c6ea800 DEOPT PACKING pc=0x0000017334334240 sp=0x000000510fbf9da0
Event: 3066.061 Thread 0x000001734c6ea800 DEOPT UNPACKING pc=0x000001732b4a6029 sp=0x000000510fbf9c80 mode 2
Event: 3066.320 Thread 0x000001734c6ea800 Uncommon trap: trap_request=0xffffffbe fr.pc=0x0000017334334240 relative=0x0000000000004f20
Event: 3066.320 Thread 0x000001734c6ea800 Uncommon trap: reason=profile_predicate action=maybe_recompile pc=0x0000017334334240 method=com.android.tools.r8.ir.regalloc.b.a(ILcom/android/tools/r8/internal/Ak1;ZI)I @ 12 c2
Event: 3066.320 Thread 0x000001734c6ea800 DEOPT PACKING pc=0x0000017334334240 sp=0x000000510fbf9da0
Event: 3066.320 Thread 0x000001734c6ea800 DEOPT UNPACKING pc=0x000001732b4a6029 sp=0x000000510fbf9c80 mode 2
Event: 3066.360 Thread 0x000001734c6ea800 DEOPT PACKING pc=0x000001732e0a0730 sp=0x000000510fbf9f70
Event: 3066.360 Thread 0x000001734c6ea800 DEOPT UNPACKING pc=0x000001732b4a643f sp=0x000000510fbf9528 mode 0
Event: 3066.824 Thread 0x000001734c6ea800 DEOPT PACKING pc=0x000001732d08cb41 sp=0x000000510fbfa0c0
Event: 3066.824 Thread 0x000001734c6ea800 DEOPT UNPACKING pc=0x000001732b4a643f sp=0x000000510fbf96a8 mode 0
Event: 3067.244 Thread 0x000001734c6ea800 DEOPT PACKING pc=0x000001732e0a031e sp=0x000000510fbf9f70
Event: 3067.244 Thread 0x000001734c6ea800 DEOPT UNPACKING pc=0x000001732b4a643f sp=0x000000510fbf9520 mode 0
Event: 3068.702 Thread 0x000001734c6e6800 DEOPT PACKING pc=0x000001732e0a031e sp=0x000000510f8f9ca0
Event: 3068.702 Thread 0x000001734c6e6800 DEOPT UNPACKING pc=0x000001732b4a643f sp=0x000000510f8f9250 mode 0
Event: 3068.776 Thread 0x000001734c6e6800 DEOPT PACKING pc=0x000001732d10246f sp=0x000000510f8fa940
Event: 3068.776 Thread 0x000001734c6e6800 DEOPT UNPACKING pc=0x000001732b4a643f sp=0x000000510f8f9e98 mode 0

Classes redefined (0 events):
No events

Internal exceptions (20 events):
Event: 3053.066 Thread 0x000001734c6ea800 Exception <a 'sun/nio/fs/WindowsException'{0x00000000944ce2b0}> (0x00000000944ce2b0) thrown at [./src/hotspot/share/prims/jni.cpp, line 615]
Event: 3053.324 Thread 0x000001734c6e6800 Exception <a 'sun/nio/fs/WindowsException'{0x000000009345d320}> (0x000000009345d320) thrown at [./src/hotspot/share/prims/jni.cpp, line 615]
Event: 3053.357 Thread 0x000001734c6ea800 Exception <a 'sun/nio/fs/WindowsException'{0x00000000934eda00}> (0x00000000934eda00) thrown at [./src/hotspot/share/prims/jni.cpp, line 615]
Event: 3053.632 Thread 0x000001734c6ea800 Exception <a 'sun/nio/fs/WindowsException'{0x000000009222e388}> (0x000000009222e388) thrown at [./src/hotspot/share/prims/jni.cpp, line 615]
Event: 3053.660 Thread 0x000001734c6e6800 Exception <a 'sun/nio/fs/WindowsException'{0x00000000921083e0}> (0x00000000921083e0) thrown at [./src/hotspot/share/prims/jni.cpp, line 615]
Event: 3054.210 Thread 0x000001734c6e6800 Exception <a 'sun/nio/fs/WindowsException'{0x000000008fc044c8}> (0x000000008fc044c8) thrown at [./src/hotspot/share/prims/jni.cpp, line 615]
Event: 3054.298 Thread 0x000001734c6ea800 Exception <a 'sun/nio/fs/WindowsException'{0x000000008f970b48}> (0x000000008f970b48) thrown at [./src/hotspot/share/prims/jni.cpp, line 615]
Event: 3054.324 Thread 0x000001734c6e6800 Exception <a 'sun/nio/fs/WindowsException'{0x000000008f7f69e8}> (0x000000008f7f69e8) thrown at [./src/hotspot/share/prims/jni.cpp, line 615]
Event: 3055.452 Thread 0x000001734c6ea800 Implicit null exception at 0x0000017334359cb0 to 0x000001733435fed8
Event: 3056.185 Thread 0x000001734c6ea800 Exception <a 'sun/nio/fs/WindowsException'{0x00000000932dd670}> (0x00000000932dd670) thrown at [./src/hotspot/share/prims/jni.cpp, line 615]
Event: 3056.273 Thread 0x000001734c6ea800 Exception <a 'sun/nio/fs/WindowsException'{0x0000000092d5dee8}> (0x0000000092d5dee8) thrown at [./src/hotspot/share/prims/jni.cpp, line 615]
Event: 3056.499 Thread 0x000001734c6ea800 Exception <a 'sun/nio/fs/WindowsException'{0x0000000091dfb1b0}> (0x0000000091dfb1b0) thrown at [./src/hotspot/share/prims/jni.cpp, line 615]
Event: 3057.094 Thread 0x000001734c6ea800 Exception <a 'sun/nio/fs/WindowsException'{0x000000009709e698}> (0x000000009709e698) thrown at [./src/hotspot/share/prims/jni.cpp, line 615]
Event: 3060.757 Thread 0x000001734c6e6800 Exception <a 'sun/nio/fs/WindowsException'{0x0000000090bc6670}> (0x0000000090bc6670) thrown at [./src/hotspot/share/prims/jni.cpp, line 615]
Event: 3065.435 Thread 0x000001734c6e6800 Exception <a 'sun/nio/fs/WindowsException'{0x0000000097169458}> (0x0000000097169458) thrown at [./src/hotspot/share/prims/jni.cpp, line 615]
Event: 3065.709 Thread 0x000001734c6e6800 Exception <a 'sun/nio/fs/WindowsException'{0x000000009464ecf0}> (0x000000009464ecf0) thrown at [./src/hotspot/share/prims/jni.cpp, line 615]
Event: 3067.375 Thread 0x000001734c6e6800 Exception <a 'sun/nio/fs/WindowsException'{0x0000000090f91410}> (0x0000000090f91410) thrown at [./src/hotspot/share/prims/jni.cpp, line 615]
Event: 3067.807 Thread 0x000001734c6e6800 Exception <a 'sun/nio/fs/WindowsException'{0x000000009709dd98}> (0x000000009709dd98) thrown at [./src/hotspot/share/prims/jni.cpp, line 615]
Event: 3068.064 Thread 0x000001734c6e6800 Exception <a 'sun/nio/fs/WindowsException'{0x0000000096ba1348}> (0x0000000096ba1348) thrown at [./src/hotspot/share/prims/jni.cpp, line 615]
Event: 3069.000 Thread 0x000001734c6e6800 Exception <a 'sun/nio/fs/WindowsException'{0x0000000095caf0c0}> (0x0000000095caf0c0) thrown at [./src/hotspot/share/prims/jni.cpp, line 615]

Events (20 events):
Event: 3056.900 Executing VM operation: G1CollectForAllocation
Event: 3056.926 Executing VM operation: G1CollectForAllocation done
Event: 3057.046 Executing VM operation: G1CollectForAllocation
Event: 3057.075 Executing VM operation: G1CollectForAllocation done
Event: 3061.304 Executing VM operation: G1CollectForAllocation
Event: 3061.488 Executing VM operation: G1CollectForAllocation done
Event: 3062.358 Executing VM operation: CGC_Operation
Event: 3062.563 Executing VM operation: CGC_Operation done
Event: 3062.895 Executing VM operation: CGC_Operation
Event: 3062.896 Executing VM operation: CGC_Operation done
Event: 3064.905 loading class com/android/tools/r8/internal/ME0
Event: 3064.905 loading class com/android/tools/r8/internal/ME0 done
Event: 3064.906 loading class com/android/tools/r8/origin/Origin
Event: 3064.906 loading class com/android/tools/r8/origin/Origin done
Event: 3064.906 loading class com/android/tools/r8/origin/Origin
Event: 3064.906 loading class com/android/tools/r8/origin/Origin done
Event: 3067.606 Executing VM operation: G1CollectForAllocation
Event: 3067.686 Executing VM operation: G1CollectForAllocation done
Event: 3068.340 Executing VM operation: G1CollectForAllocation
Event: 3068.378 Executing VM operation: G1CollectForAllocation done


Dynamic libraries:
0x00007ff6f3760000 - 0x00007ff6f376a000 	C:\Program Files\Android\Android Studio\jre\bin\java.exe
0x00007ffe4b310000 - 0x00007ffe4b508000 	C:\Windows\SYSTEM32\ntdll.dll
0x00007ffe4b020000 - 0x00007ffe4b0df000 	C:\Windows\System32\KERNEL32.DLL
0x00007ffe48b80000 - 0x00007ffe48e52000 	C:\Windows\System32\KERNELBASE.dll
0x00007ffe49080000 - 0x00007ffe49180000 	C:\Windows\System32\ucrtbase.dll
0x00007ffe31c50000 - 0x00007ffe31c67000 	C:\Program Files\Android\Android Studio\jre\bin\VCRUNTIME140.dll
0x00007ffe2a7a0000 - 0x00007ffe2a7b9000 	C:\Program Files\Android\Android Studio\jre\bin\jli.dll
0x00007ffe4a0f0000 - 0x00007ffe4a291000 	C:\Windows\System32\USER32.dll
0x00007ffe49290000 - 0x00007ffe492b2000 	C:\Windows\System32\win32u.dll
0x00007ffe4ae20000 - 0x00007ffe4ae4b000 	C:\Windows\System32\GDI32.dll
0x00007ffe49180000 - 0x00007ffe4928f000 	C:\Windows\System32\gdi32full.dll
0x00007ffe48a30000 - 0x00007ffe48acd000 	C:\Windows\System32\msvcp_win.dll
0x00007ffe3bf90000 - 0x00007ffe3c22a000 	C:\Windows\WinSxS\amd64_microsoft.windows.common-controls_6595b64144ccf1df_6.0.19041.1110_none_60b5254171f9507e\COMCTL32.dll
0x00007ffe4a8d0000 - 0x00007ffe4a96e000 	C:\Windows\System32\msvcrt.dll
0x00007ffe4a2a0000 - 0x00007ffe4a2d2000 	C:\Windows\System32\IMM32.DLL
0x00007ffe226d0000 - 0x00007ffe2276d000 	C:\Program Files\Android\Android Studio\jre\bin\msvcp140.dll
0x00007ffe0e9e0000 - 0x00007ffe0f4b5000 	C:\Program Files\Android\Android Studio\jre\bin\server\jvm.dll
0x00007ffe4aed0000 - 0x00007ffe4af7e000 	C:\Windows\System32\ADVAPI32.dll
0x00007ffe4af80000 - 0x00007ffe4b01c000 	C:\Windows\System32\sechost.dll
0x00007ffe4a740000 - 0x00007ffe4a865000 	C:\Windows\System32\RPCRT4.dll
0x00007ffe4b1b0000 - 0x00007ffe4b1b8000 	C:\Windows\System32\PSAPI.DLL
0x00007ffe35280000 - 0x00007ffe35289000 	C:\Windows\SYSTEM32\WSOCK32.dll
0x00007ffe3ac80000 - 0x00007ffe3aca7000 	C:\Windows\SYSTEM32\WINMM.dll
0x00007ffe3f770000 - 0x00007ffe3f77a000 	C:\Windows\SYSTEM32\VERSION.dll
0x00007ffe4a390000 - 0x00007ffe4a3fb000 	C:\Windows\System32\WS2_32.dll
0x00007ffe468c0000 - 0x00007ffe468d2000 	C:\Windows\SYSTEM32\kernel.appcore.dll
0x00007ffe326d0000 - 0x00007ffe326e1000 	C:\Program Files\Android\Android Studio\jre\bin\verify.dll
0x00007ffe41790000 - 0x00007ffe41974000 	C:\Windows\SYSTEM32\DBGHELP.DLL
0x00007ffe41700000 - 0x00007ffe41735000 	C:\Windows\SYSTEM32\dbgcore.DLL
0x00007ffe492c0000 - 0x00007ffe49342000 	C:\Windows\System32\bcryptPrimitives.dll
0x00007ffe2e490000 - 0x00007ffe2e4b9000 	C:\Program Files\Android\Android Studio\jre\bin\java.dll
0x00007ffe35270000 - 0x00007ffe3527b000 	C:\Program Files\Android\Android Studio\jre\bin\jimage.dll
0x00007ffe2e150000 - 0x00007ffe2e168000 	C:\Program Files\Android\Android Studio\jre\bin\zip.dll
0x00007ffe49370000 - 0x00007ffe49ab5000 	C:\Windows\System32\SHELL32.dll
0x00007ffe46ac0000 - 0x00007ffe47252000 	C:\Windows\SYSTEM32\windows.storage.dll
0x00007ffe4a970000 - 0x00007ffe4acc5000 	C:\Windows\System32\combase.dll
0x00007ffe48460000 - 0x00007ffe48490000 	C:\Windows\SYSTEM32\Wldp.dll
0x00007ffe4a2e0000 - 0x00007ffe4a38d000 	C:\Windows\System32\SHCORE.dll
0x00007ffe4a6e0000 - 0x00007ffe4a735000 	C:\Windows\System32\shlwapi.dll
0x00007ffe48940000 - 0x00007ffe4895f000 	C:\Windows\SYSTEM32\profapi.dll
0x00007ffe2ba30000 - 0x00007ffe2ba4a000 	C:\Program Files\Android\Android Studio\jre\bin\net.dll
0x00007ffe43ac0000 - 0x00007ffe43bcc000 	C:\Windows\SYSTEM32\WINHTTP.dll
0x00007ffe481c0000 - 0x00007ffe4822a000 	C:\Windows\system32\mswsock.dll
0x00007ffe2af00000 - 0x00007ffe2af14000 	C:\Program Files\Android\Android Studio\jre\bin\nio.dll
0x00007ffe2d4b0000 - 0x00007ffe2d4d7000 	C:\Users\IronMan\.gradle\native\e1d6ef7f7dcc3fd88c89a11ec53ec762bb8ba0a96d01ffa2cd45eb1d1d8dd5c5\windows-amd64\native-platform.dll
0x00007ffe22580000 - 0x00007ffe226c4000 	C:\Users\IronMan\.gradle\native\5664cfc778a61ccfe75a443a1ab52a65af34e5dc3c78e0209fed803814484fcb\windows-amd64\native-platform-file-events.dll
0x00007ffe2e140000 - 0x00007ffe2e14a000 	C:\Program Files\Android\Android Studio\jre\bin\management.dll
0x00007ffe2aef0000 - 0x00007ffe2aefd000 	C:\Program Files\Android\Android Studio\jre\bin\management_ext.dll
0x00007ffe483b0000 - 0x00007ffe483c8000 	C:\Windows\SYSTEM32\CRYPTSP.dll
0x00007ffe47a70000 - 0x00007ffe47aa4000 	C:\Windows\system32\rsaenh.dll
0x00007ffe48a00000 - 0x00007ffe48a27000 	C:\Windows\System32\bcrypt.dll
0x00007ffe488c0000 - 0x00007ffe488ee000 	C:\Windows\SYSTEM32\USERENV.dll
0x00007ffe483d0000 - 0x00007ffe483dc000 	C:\Windows\SYSTEM32\CRYPTBASE.dll
0x00007ffe47e60000 - 0x00007ffe47e9b000 	C:\Windows\SYSTEM32\IPHLPAPI.DLL
0x00007ffe4adb0000 - 0x00007ffe4adb8000 	C:\Windows\System32\NSI.dll
0x00007ffe42ee0000 - 0x00007ffe42ef7000 	C:\Windows\SYSTEM32\dhcpcsvc6.DLL
0x00007ffe42fd0000 - 0x00007ffe42fed000 	C:\Windows\SYSTEM32\dhcpcsvc.DLL
0x00007ffe47ea0000 - 0x00007ffe47f6b000 	C:\Windows\SYSTEM32\DNSAPI.dll
0x00007ffe24260000 - 0x00007ffe24287000 	C:\Program Files\Android\Android Studio\jre\bin\sunec.dll
0x00007ffe41c20000 - 0x00007ffe41c2a000 	C:\Windows\System32\rasadhlp.dll
0x00007ffe40e50000 - 0x00007ffe40ed0000 	C:\Windows\System32\fwpuclnt.dll
0x00007ffe47bb0000 - 0x00007ffe47be3000 	C:\Windows\SYSTEM32\ntmarta.dll
0x00007ffe24dc0000 - 0x00007ffe24dde000 	C:\Users\IronMan\AppData\Local\Temp\native-platform1674219383990356951dir\native-platform.dll
0x00007ffe40690000 - 0x00007ffe40698000 	C:\Program Files\Android\Android Studio\jre\bin\rmi.dll

dbghelp: loaded successfully - version: 4.0.5 - missing functions: none
symbol engine: initialized successfully - sym options: 0x614 - pdb path: .;C:\Program Files\Android\Android Studio\jre\bin;C:\Windows\SYSTEM32;C:\Windows\WinSxS\amd64_microsoft.windows.common-controls_6595b64144ccf1df_6.0.19041.1110_none_60b5254171f9507e;C:\Program Files\Android\Android Studio\jre\bin\server;C:\Users\IronMan\.gradle\native\e1d6ef7f7dcc3fd88c89a11ec53ec762bb8ba0a96d01ffa2cd45eb1d1d8dd5c5\windows-amd64;C:\Users\IronMan\.gradle\native\5664cfc778a61ccfe75a443a1ab52a65af34e5dc3c78e0209fed803814484fcb\windows-amd64;C:\Users\IronMan\AppData\Local\Temp\native-platform1674219383990356951dir

VM Arguments:
jvm_args: --add-opens=java.base/java.util=ALL-UNNAMED --add-opens=java.base/java.lang=ALL-UNNAMED --add-opens=java.base/java.lang.invoke=ALL-UNNAMED --add-opens=java.base/java.util=ALL-UNNAMED --add-opens=java.prefs/java.util.prefs=ALL-UNNAMED --add-opens=java.prefs/java.util.prefs=ALL-UNNAMED --add-opens=java.base/java.nio.charset=ALL-UNNAMED --add-opens=java.base/java.net=ALL-UNNAMED --add-opens=java.base/java.util.concurrent.atomic=ALL-UNNAMED -Xmx2048m -Dfile.encoding=UTF-8 -Duser.country=US -Duser.language=en -Duser.variant 
java_command: org.gradle.launcher.daemon.bootstrap.GradleDaemon 7.2
java_class_path (initial): C:\Users\IronMan\.gradle\wrapper\dists\gradle-7.2-bin\2dnblmf4td7x66yl1d74lt32g\gradle-7.2\lib\gradle-launcher-7.2.jar
Launcher Type: SUN_STANDARD

[Global flags]
     intx CICompilerCount                          = 2                                         {product} {ergonomic}
     uint ConcGCThreads                            = 1                                         {product} {ergonomic}
     uint G1ConcRefinementThreads                  = 2                                         {product} {ergonomic}
   size_t G1HeapRegionSize                         = 1048576                                   {product} {ergonomic}
    uintx GCDrainStackTargetSize                   = 64                                        {product} {ergonomic}
   size_t InitialHeapSize                          = 134217728                                 {product} {ergonomic}
   size_t MarkStackSize                            = 4194304                                   {product} {ergonomic}
   size_t MaxHeapSize                              = 2147483648                                {product} {command line}
   size_t MaxNewSize                               = 1287651328                                {product} {ergonomic}
   size_t MinHeapDeltaBytes                        = 1048576                                   {product} {ergonomic}
    uintx NonNMethodCodeHeapSize                   = 5825164                                {pd product} {ergonomic}
    uintx NonProfiledCodeHeapSize                  = 122916538                              {pd product} {ergonomic}
    uintx ProfiledCodeHeapSize                     = 122916538                              {pd product} {ergonomic}
    uintx ReservedCodeCacheSize                    = 251658240                              {pd product} {ergonomic}
     bool SegmentedCodeCache                       = true                                      {product} {ergonomic}
     bool UseCompressedClassPointers               = true                                 {lp64_product} {ergonomic}
     bool UseCompressedOops                        = true                                 {lp64_product} {ergonomic}
     bool UseG1GC                                  = true                                      {product} {ergonomic}
     bool UseLargePagesIndividualAllocation        = false                                  {pd product} {ergonomic}

Logging:
Log output configuration:
 #0: stdout all=warning uptime,level,tags
 #1: stderr all=off uptime,level,tags

Environment Variables:
PATH=C:\Windows\system32;C:\Windows;C:\Windows\System32\Wbem;C:\Windows\System32\WindowsPowerShell\v1.0\;C:\Windows\System32\OpenSSH\;C:\Program Files\dotnet\;C:\Program Files\Filestar;C:\ProgramData\Filestar\aliases;C:\Program Files\Git\cmd;C:\Users\IronMan\mongosh-1.6.0-win32-x64\mongosh-1.6.0-win32-x64\bin\;C:\Users\IronMan\AppData\Local\Programs\Python\Python311\Scripts\;C:\Users\IronMan\AppData\Local\Programs\Python\Python311\;C:\Users\IronMan\AppData\Local\Microsoft\WindowsApps;;C:\Users\IronMan\AppData\Local\Programs\Microsoft VS Code\bin;C:\Users\IronMan\.dotnet\tools
USERNAME=IronMan
OS=Windows_NT
PROCESSOR_IDENTIFIER=Intel64 Family 6 Model 23 Stepping 10, GenuineIntel



---------------  S Y S T E M  ---------------

OS: Windows 10 , 64 bit Build 19041 (10.0.19041.2546)
OS uptime: 3 days 5:39 hours

CPU:total 2 (initial active 2) (2 cores per cpu, 1 threads per core) family 6 model 23 stepping 10 microcode 0xa0c, cmov, cx8, fxsr, mmx, sse, sse2, sse3, ssse3, sse4.1, tsc

Memory: 4k page, system-wide physical 8092M (401M free)
TotalPageFile size 12073M (AvailPageFile size 13M)
current process WorkingSet (physical memory assigned to process): 818M, peak: 832M
current process commit charge ("private bytes"): 927M, peak: 943M

vm_info: OpenJDK 64-Bit Server VM (11.0.11+9-b60-7590822) for windows-amd64 JRE (11.0.11+9-b60-7590822), built on Jul 29 2021 21:43:44 by "builder" with MS VC++ 14.0 (VS2015)

END.
